Jul 02, 2012 3:20:43 PM org.apache.solr.core.SolrResourceLoader locateSolrHome
INFO: JNDI not configured for solr (NoInitialContextEx)
Jul 02, 2012 3:20:43 PM org.apache.solr.core.SolrResourceLoader locateSolrHome
INFO: using system property solr.solr.home: C:/Users/jrizzi1/Ruby/user_group/solr
Jul 02, 2012 3:20:43 PM org.apache.solr.core.SolrResourceLoader <init>
INFO: Solr home set to 'C:/Users/jrizzi1/Ruby/user_group/solr\'
Jul 02, 2012 3:20:44 PM org.apache.solr.servlet.SolrDispatchFilter init
INFO: SolrDispatchFilter.init()
Jul 02, 2012 3:20:44 PM org.apache.solr.core.SolrResourceLoader locateSolrHome
INFO: JNDI not configured for solr (NoInitialContextEx)
Jul 02, 2012 3:20:44 PM org.apache.solr.core.SolrResourceLoader locateSolrHome
INFO: using system property solr.solr.home: C:/Users/jrizzi1/Ruby/user_group/solr
Jul 02, 2012 3:20:44 PM org.apache.solr.core.CoreContainer$Initializer initialize
INFO: looking for solr.xml: C:\Users\jrizzi1\Ruby\user_group\solr\solr.xml
Jul 02, 2012 3:20:44 PM org.apache.solr.core.SolrResourceLoader <init>
INFO: Solr home set to 'C:/Users/jrizzi1/Ruby/user_group/solr\'
Jul 02, 2012 3:20:44 PM org.apache.solr.core.SolrConfig initLibs
INFO: Adding specified lib dirs to ClassLoader
Jul 02, 2012 3:20:44 PM org.apache.solr.core.SolrConfig <init>
INFO: Loaded SolrConfig: solrconfig.xml
Jul 02, 2012 3:20:44 PM org.apache.solr.core.SolrCore <init>
INFO: Opening new SolrCore at C:/Users/jrizzi1/Ruby/user_group/solr\, dataDir=C:/Users/jrizzi1/Ruby/user_group/solr/data/development\
Jul 02, 2012 3:20:44 PM org.apache.solr.schema.IndexSchema readSchema
INFO: Reading Solr Schema
Jul 02, 2012 3:20:44 PM org.apache.solr.schema.IndexSchema readSchema
INFO: Schema name=sunspot
Jul 02, 2012 3:20:44 PM org.apache.solr.util.plugin.AbstractPluginLoader load
INFO: created string: org.apache.solr.schema.StrField
Jul 02, 2012 3:20:44 PM org.apache.solr.util.plugin.AbstractPluginLoader load
INFO: created tdouble: org.apache.solr.schema.TrieDoubleField
Jul 02, 2012 3:20:44 PM org.apache.solr.util.plugin.AbstractPluginLoader load
INFO: created rand: org.apache.solr.schema.RandomSortField
Jul 02, 2012 3:20:44 PM org.apache.solr.util.plugin.AbstractPluginLoader load
INFO: created null: org.apache.solr.analysis.StandardTokenizerFactory
Jul 02, 2012 3:20:44 PM org.apache.solr.util.plugin.AbstractPluginLoader load
INFO: created null: org.apache.solr.analysis.StandardFilterFactory
Jul 02, 2012 3:20:44 PM org.apache.solr.util.plugin.AbstractPluginLoader load
INFO: created null: org.apache.solr.analysis.LowerCaseFilterFactory
Jul 02, 2012 3:20:44 PM org.apache.solr.util.plugin.AbstractPluginLoader load
INFO: created text: org.apache.solr.schema.TextField
Jul 02, 2012 3:20:44 PM org.apache.solr.util.plugin.AbstractPluginLoader load
INFO: created boolean: org.apache.solr.schema.BoolField
Jul 02, 2012 3:20:44 PM org.apache.solr.util.plugin.AbstractPluginLoader load
INFO: created date: org.apache.solr.schema.DateField
Jul 02, 2012 3:20:44 PM org.apache.solr.util.plugin.AbstractPluginLoader load
INFO: created sdouble: org.apache.solr.schema.SortableDoubleField
Jul 02, 2012 3:20:44 PM org.apache.solr.util.plugin.AbstractPluginLoader load
INFO: created sfloat: org.apache.solr.schema.SortableFloatField
Jul 02, 2012 3:20:44 PM org.apache.solr.util.plugin.AbstractPluginLoader load
INFO: created sint: org.apache.solr.schema.SortableIntField
Jul 02, 2012 3:20:44 PM org.apache.solr.util.plugin.AbstractPluginLoader load
INFO: created slong: org.apache.solr.schema.SortableLongField
Jul 02, 2012 3:20:44 PM org.apache.solr.util.plugin.AbstractPluginLoader load
INFO: created tint: org.apache.solr.schema.TrieIntField
Jul 02, 2012 3:20:44 PM org.apache.solr.util.plugin.AbstractPluginLoader load
INFO: created tfloat: org.apache.solr.schema.TrieFloatField
Jul 02, 2012 3:20:44 PM org.apache.solr.util.plugin.AbstractPluginLoader load
INFO: created tdate: org.apache.solr.schema.TrieDateField
Jul 02, 2012 3:20:44 PM org.apache.solr.schema.IndexSchema readSchema
INFO: default search field is text
Jul 02, 2012 3:20:44 PM org.apache.solr.schema.IndexSchema readSchema
INFO: query parser default operator is AND
Jul 02, 2012 3:20:44 PM org.apache.solr.schema.IndexSchema readSchema
INFO: unique key field: id
Jul 02, 2012 3:20:44 PM org.apache.solr.core.JmxMonitoredMap <init>
INFO: No JMX servers found, not exposing Solr information with JMX.
Jul 02, 2012 3:20:44 PM org.apache.solr.core.SolrCore initListeners
INFO: Added SolrEventListener: org.apache.solr.core.QuerySenderListener{queries=[]}
Jul 02, 2012 3:20:44 PM org.apache.solr.core.SolrCore initListeners
INFO: Added SolrEventListener: org.apache.solr.core.QuerySenderListener{queries=[{q=solr rocks,start=0,rows=10}, {q=static firstSearcher warming query from solrconfig.xml}]}
Jul 02, 2012 3:20:44 PM org.apache.solr.core.SolrCore initIndex
WARNING: Solr index directory 'C:\Users\jrizzi1\Ruby\user_group\solr\data\development\index' doesn't exist. Creating new index...
Jul 02, 2012 3:20:44 PM org.apache.solr.core.SolrDeletionPolicy onInit
INFO: SolrDeletionPolicy.onInit: commits:num=1
	commit{dir=C:\Users\jrizzi1\Ruby\user_group\solr\data\development\index,segFN=segments_1,version=1341256844632,generation=1,filenames=[segments_1]
Jul 02, 2012 3:20:44 PM org.apache.solr.core.SolrDeletionPolicy updateCommits
INFO: newest commit = 1341256844632
Jul 02, 2012 3:20:44 PM org.apache.solr.request.XSLTResponseWriter init
INFO: xsltCacheLifetimeSeconds=5
Jul 02, 2012 3:20:44 PM org.apache.solr.core.RequestHandlers initHandlersFromConfig
INFO: created standard: solr.SearchHandler
Jul 02, 2012 3:20:44 PM org.apache.solr.core.RequestHandlers initHandlersFromConfig
INFO: created dismax: solr.SearchHandler
Jul 02, 2012 3:20:44 PM org.apache.solr.core.RequestHandlers initHandlersFromConfig
INFO: created partitioned: solr.SearchHandler
Jul 02, 2012 3:20:44 PM org.apache.solr.core.RequestHandlers initHandlersFromConfig
INFO: created /spell: solr.SearchHandler
Jul 02, 2012 3:20:44 PM org.apache.solr.core.RequestHandlers initHandlersFromConfig
INFO: created tvrh: org.apache.solr.handler.component.SearchHandler
Jul 02, 2012 3:20:44 PM org.apache.solr.core.RequestHandlers initHandlersFromConfig
INFO: adding lazy requestHandler: org.apache.solr.handler.extraction.ExtractingRequestHandler
Jul 02, 2012 3:20:44 PM org.apache.solr.core.RequestHandlers initHandlersFromConfig
INFO: created /update/extract: org.apache.solr.handler.extraction.ExtractingRequestHandler
Jul 02, 2012 3:20:44 PM org.apache.solr.core.RequestHandlers initHandlersFromConfig
INFO: created /terms: org.apache.solr.handler.component.SearchHandler
Jul 02, 2012 3:20:44 PM org.apache.solr.core.RequestHandlers initHandlersFromConfig
INFO: adding lazy requestHandler: solr.SearchHandler
Jul 02, 2012 3:20:44 PM org.apache.solr.core.RequestHandlers initHandlersFromConfig
INFO: created /elevate: solr.SearchHandler
Jul 02, 2012 3:20:44 PM org.apache.solr.core.RequestHandlers initHandlersFromConfig
INFO: created /update: solr.XmlUpdateRequestHandler
Jul 02, 2012 3:20:44 PM org.apache.solr.core.RequestHandlers initHandlersFromConfig
INFO: created /update/javabin: solr.BinaryUpdateRequestHandler
Jul 02, 2012 3:20:44 PM org.apache.solr.core.RequestHandlers initHandlersFromConfig
INFO: created /analysis/document: solr.DocumentAnalysisRequestHandler
Jul 02, 2012 3:20:44 PM org.apache.solr.core.RequestHandlers initHandlersFromConfig
INFO: created /analysis/field: solr.FieldAnalysisRequestHandler
Jul 02, 2012 3:20:44 PM org.apache.solr.core.RequestHandlers initHandlersFromConfig
INFO: adding lazy requestHandler: solr.CSVRequestHandler
Jul 02, 2012 3:20:44 PM org.apache.solr.core.RequestHandlers initHandlersFromConfig
INFO: created /update/csv: solr.CSVRequestHandler
Jul 02, 2012 3:20:44 PM org.apache.solr.core.RequestHandlers initHandlersFromConfig
INFO: created /admin/: org.apache.solr.handler.admin.AdminHandlers
Jul 02, 2012 3:20:44 PM org.apache.solr.core.RequestHandlers initHandlersFromConfig
INFO: created /admin/ping: PingRequestHandler
Jul 02, 2012 3:20:44 PM org.apache.solr.core.RequestHandlers initHandlersFromConfig
INFO: created /debug/dump: solr.DumpRequestHandler
Jul 02, 2012 3:20:44 PM org.apache.solr.core.RequestHandlers initHandlersFromConfig
INFO: created /mlt: solr.MoreLikeThisHandler
Jul 02, 2012 3:20:44 PM org.apache.solr.search.SolrIndexSearcher <init>
INFO: Opening Searcher@295637 main
Jul 02, 2012 3:20:44 PM org.apache.solr.update.DirectUpdateHandler2$CommitTracker <init>
INFO: AutoCommit: disabled
Jul 02, 2012 3:20:44 PM org.apache.solr.handler.component.SpellCheckComponent inform
INFO: Initializing spell checkers
Jul 02, 2012 3:20:45 PM org.apache.solr.spelling.AbstractLuceneSpellChecker init
INFO: Using WhitespaceAnalzyer for dictionary: default
Jul 02, 2012 3:20:45 PM org.apache.solr.handler.component.SpellCheckComponent inform
WARNING: No queryConverter defined, using default converter
Jul 02, 2012 3:20:45 PM org.apache.solr.handler.component.QueryElevationComponent inform
INFO: Loading QueryElevation from: C:\Users\jrizzi1\Ruby\user_group\solr\conf\elevate.xml
Jul 02, 2012 3:20:45 PM org.apache.solr.handler.component.SearchHandler inform
INFO: Adding  component:org.apache.solr.handler.component.QueryComponent@4db282
Jul 02, 2012 3:20:45 PM org.apache.solr.handler.component.SearchHandler inform
INFO: Adding  component:org.apache.solr.handler.component.FacetComponent@102a840
Jul 02, 2012 3:20:45 PM org.apache.solr.handler.component.SearchHandler inform
INFO: Adding  component:org.apache.solr.handler.component.MoreLikeThisComponent@17416c8
Jul 02, 2012 3:20:45 PM org.apache.solr.handler.component.SearchHandler inform
INFO: Adding  component:org.apache.solr.handler.component.HighlightComponent@83dc9b
Jul 02, 2012 3:20:45 PM org.apache.solr.handler.component.SearchHandler inform
INFO: Adding  component:org.apache.solr.handler.component.StatsComponent@108759d
Jul 02, 2012 3:20:45 PM org.apache.solr.handler.component.SearchHandler inform
INFO: Adding  debug component:org.apache.solr.handler.component.DebugComponent@61d064
Jul 02, 2012 3:20:45 PM org.apache.solr.handler.component.SearchHandler inform
INFO: Adding  component:org.apache.solr.handler.component.QueryComponent@4db282
Jul 02, 2012 3:20:45 PM org.apache.solr.handler.component.SearchHandler inform
INFO: Adding  component:org.apache.solr.handler.component.FacetComponent@102a840
Jul 02, 2012 3:20:45 PM org.apache.solr.handler.component.SearchHandler inform
INFO: Adding  component:org.apache.solr.handler.component.MoreLikeThisComponent@17416c8
Jul 02, 2012 3:20:45 PM org.apache.solr.handler.component.SearchHandler inform
INFO: Adding  component:org.apache.solr.handler.component.HighlightComponent@83dc9b
Jul 02, 2012 3:20:45 PM org.apache.solr.handler.component.SearchHandler inform
INFO: Adding  component:org.apache.solr.handler.component.StatsComponent@108759d
Jul 02, 2012 3:20:45 PM org.apache.solr.handler.component.SearchHandler inform
INFO: Adding  debug component:org.apache.solr.handler.component.DebugComponent@61d064
Jul 02, 2012 3:20:45 PM org.apache.solr.handler.component.SearchHandler inform
INFO: Adding  component:org.apache.solr.handler.component.QueryComponent@4db282
Jul 02, 2012 3:20:45 PM org.apache.solr.handler.component.SearchHandler inform
INFO: Adding  component:org.apache.solr.handler.component.FacetComponent@102a840
Jul 02, 2012 3:20:45 PM org.apache.solr.handler.component.SearchHandler inform
INFO: Adding  component:org.apache.solr.handler.component.MoreLikeThisComponent@17416c8
Jul 02, 2012 3:20:45 PM org.apache.solr.handler.component.SearchHandler inform
INFO: Adding  component:org.apache.solr.handler.component.HighlightComponent@83dc9b
Jul 02, 2012 3:20:45 PM org.apache.solr.handler.component.SearchHandler inform
INFO: Adding  component:org.apache.solr.handler.component.StatsComponent@108759d
Jul 02, 2012 3:20:45 PM org.apache.solr.handler.component.SearchHandler inform
INFO: Adding  debug component:org.apache.solr.handler.component.DebugComponent@61d064
Jul 02, 2012 3:20:45 PM org.apache.solr.handler.component.SearchHandler inform
INFO: Adding  component:org.apache.solr.handler.component.QueryComponent@4db282
Jul 02, 2012 3:20:45 PM org.apache.solr.handler.component.SearchHandler inform
INFO: Adding  component:org.apache.solr.handler.component.FacetComponent@102a840
Jul 02, 2012 3:20:45 PM org.apache.solr.handler.component.SearchHandler inform
INFO: Adding  component:org.apache.solr.handler.component.MoreLikeThisComponent@17416c8
Jul 02, 2012 3:20:45 PM org.apache.solr.handler.component.SearchHandler inform
INFO: Adding  component:org.apache.solr.handler.component.HighlightComponent@83dc9b
Jul 02, 2012 3:20:45 PM org.apache.solr.handler.component.SearchHandler inform
INFO: Adding  component:org.apache.solr.handler.component.StatsComponent@108759d
Jul 02, 2012 3:20:45 PM org.apache.solr.handler.component.SearchHandler inform
INFO: Adding  component:org.apache.solr.handler.component.SpellCheckComponent@1d4b906
Jul 02, 2012 3:20:45 PM org.apache.solr.handler.component.SearchHandler inform
INFO: Adding  debug component:org.apache.solr.handler.component.DebugComponent@61d064
Jul 02, 2012 3:20:45 PM org.apache.solr.handler.component.SearchHandler inform
INFO: Adding  component:org.apache.solr.handler.component.QueryComponent@4db282
Jul 02, 2012 3:20:45 PM org.apache.solr.handler.component.SearchHandler inform
INFO: Adding  component:org.apache.solr.handler.component.FacetComponent@102a840
Jul 02, 2012 3:20:45 PM org.apache.solr.handler.component.SearchHandler inform
INFO: Adding  component:org.apache.solr.handler.component.MoreLikeThisComponent@17416c8
Jul 02, 2012 3:20:45 PM org.apache.solr.handler.component.SearchHandler inform
INFO: Adding  component:org.apache.solr.handler.component.HighlightComponent@83dc9b
Jul 02, 2012 3:20:45 PM org.apache.solr.handler.component.SearchHandler inform
INFO: Adding  component:org.apache.solr.handler.component.StatsComponent@108759d
Jul 02, 2012 3:20:45 PM org.apache.solr.handler.component.SearchHandler inform
INFO: Adding  component:org.apache.solr.handler.component.TermVectorComponent@bf5dc1
Jul 02, 2012 3:20:45 PM org.apache.solr.handler.component.SearchHandler inform
INFO: Adding  debug component:org.apache.solr.handler.component.DebugComponent@61d064
Jul 02, 2012 3:20:45 PM org.apache.solr.handler.component.SearchHandler inform
INFO: Adding  component:org.apache.solr.handler.component.TermsComponent@1a45a7f
Jul 02, 2012 3:20:45 PM org.apache.solr.core.QuerySenderListener newSearcher
INFO: QuerySenderListener sending requests to Searcher@295637 main
Jul 02, 2012 3:20:45 PM org.apache.solr.core.CoreContainer register
INFO: registering core: 
Jul 02, 2012 3:20:45 PM org.apache.solr.servlet.SolrDispatchFilter init
INFO: user.dir=C:\RailsInstaller\Ruby1.9.3\lib\ruby\gems\1.9.1\gems\sunspot-1.2.1\solr
Jul 02, 2012 3:20:45 PM org.apache.solr.servlet.SolrDispatchFilter init
INFO: SolrDispatchFilter.init() done
Jul 02, 2012 3:20:45 PM org.apache.solr.core.SolrCore execute
INFO: [] webapp=null path=null params={start=0&event=firstSearcher&q=solr+rocks&rows=10} hits=0 status=0 QTime=41 
Jul 02, 2012 3:20:45 PM org.apache.solr.core.SolrCore execute
INFO: [] webapp=null path=null params={event=firstSearcher&q=static+firstSearcher+warming+query+from+solrconfig.xml} hits=0 status=0 QTime=1 
Jul 02, 2012 3:20:45 PM org.apache.solr.core.QuerySenderListener newSearcher
INFO: QuerySenderListener done.
Jul 02, 2012 3:20:45 PM org.apache.solr.handler.component.SpellCheckComponent$SpellCheckerListener newSearcher
INFO: Loading spell index for spellchecker: default
Jul 02, 2012 3:20:45 PM org.apache.solr.core.SolrCore registerSearcher
INFO: [] Registered new searcher Searcher@295637 main
Jul 02, 2012 3:20:45 PM org.apache.solr.servlet.SolrServlet init
INFO: SolrServlet.init()
Jul 02, 2012 3:20:45 PM org.apache.solr.core.SolrResourceLoader locateSolrHome
INFO: JNDI not configured for solr (NoInitialContextEx)
Jul 02, 2012 3:20:45 PM org.apache.solr.core.SolrResourceLoader locateSolrHome
INFO: using system property solr.solr.home: C:/Users/jrizzi1/Ruby/user_group/solr
Jul 02, 2012 3:20:45 PM org.apache.solr.servlet.SolrServlet init
INFO: SolrServlet.init() done
Jul 02, 2012 3:20:45 PM org.apache.solr.core.SolrResourceLoader locateSolrHome
INFO: JNDI not configured for solr (NoInitialContextEx)
Jul 02, 2012 3:20:45 PM org.apache.solr.core.SolrResourceLoader locateSolrHome
INFO: using system property solr.solr.home: C:/Users/jrizzi1/Ruby/user_group/solr
Jul 02, 2012 3:20:45 PM org.apache.solr.servlet.SolrUpdateServlet init
INFO: SolrUpdateServlet.init() done
Jul 02, 2012 3:28:59 PM org.apache.solr.core.SolrDeletionPolicy onInit
INFO: SolrDeletionPolicy.onInit: commits:num=1
	commit{dir=C:\Users\jrizzi1\Ruby\user_group\solr\data\development\index,segFN=segments_1,version=1341256844632,generation=1,filenames=[segments_1]
Jul 02, 2012 3:28:59 PM org.apache.solr.core.SolrDeletionPolicy updateCommits
INFO: newest commit = 1341256844632
Jul 02, 2012 3:28:59 PM org.apache.solr.update.processor.LogUpdateProcessor finish
INFO: {add=[Meeting 980190963]} 0 182
Jul 02, 2012 3:28:59 PM org.apache.solr.core.SolrCore execute
INFO: [] webapp=/solr path=/update params={wt=ruby} status=0 QTime=182 
Jul 02, 2012 3:28:59 PM org.apache.solr.update.DirectUpdateHandler2 commit
INFO: start commit(optimize=false,waitFlush=false,waitSearcher=true,expungeDeletes=false)
Jul 02, 2012 3:29:00 PM org.apache.solr.core.SolrDeletionPolicy onCommit
INFO: SolrDeletionPolicy.onCommit: commits:num=2
	commit{dir=C:\Users\jrizzi1\Ruby\user_group\solr\data\development\index,segFN=segments_1,version=1341256844632,generation=1,filenames=[segments_1]
	commit{dir=C:\Users\jrizzi1\Ruby\user_group\solr\data\development\index,segFN=segments_2,version=1341256844633,generation=2,filenames=[_0.nrm, _0.tis, _0.fnm, _0.tii, _0.frq, segments_2, _0.fdx, _0.prx, _0.fdt]
Jul 02, 2012 3:29:00 PM org.apache.solr.core.SolrDeletionPolicy updateCommits
INFO: newest commit = 1341256844633
Jul 02, 2012 3:29:00 PM org.apache.solr.search.SolrIndexSearcher <init>
INFO: Opening Searcher@8d8121 main
Jul 02, 2012 3:29:00 PM org.apache.solr.update.DirectUpdateHandler2 commit
INFO: end_commit_flush
Jul 02, 2012 3:29:00 PM org.apache.solr.search.SolrIndexSearcher warm
INFO: autowarming Searcher@8d8121 main from Searcher@295637 main
	fieldValueCache{lookups=0,hits=0,hitratio=0.00,inserts=0,evictions=0,size=0,warmupTime=0,cumulative_lookups=0,cumulative_hits=0,cumulative_hitratio=0.00,cumulative_inserts=0,cumulative_evictions=0}
Jul 02, 2012 3:29:00 PM org.apache.solr.search.SolrIndexSearcher warm
INFO: autowarming result for Searcher@8d8121 main
	fieldValueCache{lookups=0,hits=0,hitratio=0.00,inserts=0,evictions=0,size=0,warmupTime=0,cumulative_lookups=0,cumulative_hits=0,cumulative_hitratio=0.00,cumulative_inserts=0,cumulative_evictions=0}
Jul 02, 2012 3:29:00 PM org.apache.solr.search.SolrIndexSearcher warm
INFO: autowarming Searcher@8d8121 main from Searcher@295637 main
	filterCache{lookups=0,hits=0,hitratio=0.00,inserts=0,evictions=0,size=0,warmupTime=0,cumulative_lookups=0,cumulative_hits=0,cumulative_hitratio=0.00,cumulative_inserts=0,cumulative_evictions=0}
Jul 02, 2012 3:29:00 PM org.apache.solr.search.SolrIndexSearcher warm
INFO: autowarming result for Searcher@8d8121 main
	filterCache{lookups=0,hits=0,hitratio=0.00,inserts=0,evictions=0,size=0,warmupTime=0,cumulative_lookups=0,cumulative_hits=0,cumulative_hitratio=0.00,cumulative_inserts=0,cumulative_evictions=0}
Jul 02, 2012 3:29:00 PM org.apache.solr.search.SolrIndexSearcher warm
INFO: autowarming Searcher@8d8121 main from Searcher@295637 main
	queryResultCache{lookups=0,hits=0,hitratio=0.00,inserts=2,evictions=0,size=2,warmupTime=0,cumulative_lookups=0,cumulative_hits=0,cumulative_hitratio=0.00,cumulative_inserts=0,cumulative_evictions=0}
Jul 02, 2012 3:29:00 PM org.apache.solr.search.SolrIndexSearcher warm
INFO: autowarming result for Searcher@8d8121 main
	queryResultCache{lookups=0,hits=0,hitratio=0.00,inserts=0,evictions=0,size=0,warmupTime=0,cumulative_lookups=0,cumulative_hits=0,cumulative_hitratio=0.00,cumulative_inserts=0,cumulative_evictions=0}
Jul 02, 2012 3:29:00 PM org.apache.solr.search.SolrIndexSearcher warm
INFO: autowarming Searcher@8d8121 main from Searcher@295637 main
	documentCache{lookups=0,hits=0,hitratio=0.00,inserts=0,evictions=0,size=0,warmupTime=0,cumulative_lookups=0,cumulative_hits=0,cumulative_hitratio=0.00,cumulative_inserts=0,cumulative_evictions=0}
Jul 02, 2012 3:29:00 PM org.apache.solr.search.SolrIndexSearcher warm
INFO: autowarming result for Searcher@8d8121 main
	documentCache{lookups=0,hits=0,hitratio=0.00,inserts=0,evictions=0,size=0,warmupTime=0,cumulative_lookups=0,cumulative_hits=0,cumulative_hitratio=0.00,cumulative_inserts=0,cumulative_evictions=0}
Jul 02, 2012 3:29:00 PM org.apache.solr.core.QuerySenderListener newSearcher
INFO: QuerySenderListener sending requests to Searcher@8d8121 main
Jul 02, 2012 3:29:00 PM org.apache.solr.core.QuerySenderListener newSearcher
INFO: QuerySenderListener done.
Jul 02, 2012 3:29:00 PM org.apache.solr.core.SolrCore registerSearcher
INFO: [] Registered new searcher Searcher@8d8121 main
Jul 02, 2012 3:29:00 PM org.apache.solr.search.SolrIndexSearcher close
INFO: Closing Searcher@295637 main
	fieldValueCache{lookups=0,hits=0,hitratio=0.00,inserts=0,evictions=0,size=0,warmupTime=0,cumulative_lookups=0,cumulative_hits=0,cumulative_hitratio=0.00,cumulative_inserts=0,cumulative_evictions=0}
	filterCache{lookups=0,hits=0,hitratio=0.00,inserts=0,evictions=0,size=0,warmupTime=0,cumulative_lookups=0,cumulative_hits=0,cumulative_hitratio=0.00,cumulative_inserts=0,cumulative_evictions=0}
	queryResultCache{lookups=0,hits=0,hitratio=0.00,inserts=2,evictions=0,size=2,warmupTime=0,cumulative_lookups=0,cumulative_hits=0,cumulative_hitratio=0.00,cumulative_inserts=0,cumulative_evictions=0}
	documentCache{lookups=0,hits=0,hitratio=0.00,inserts=0,evictions=0,size=0,warmupTime=0,cumulative_lookups=0,cumulative_hits=0,cumulative_hitratio=0.00,cumulative_inserts=0,cumulative_evictions=0}
Jul 02, 2012 3:29:00 PM org.apache.solr.update.processor.LogUpdateProcessor finish
INFO: {commit=} 0 472
Jul 02, 2012 3:29:00 PM org.apache.solr.core.SolrCore execute
INFO: [] webapp=/solr path=/update params={wt=ruby} status=0 QTime=472 
Jul 02, 2012 3:29:41 PM org.apache.solr.core.SolrDeletionPolicy onInit
INFO: SolrDeletionPolicy.onInit: commits:num=1
	commit{dir=C:\Users\jrizzi1\Ruby\user_group\solr\data\development\index,segFN=segments_2,version=1341256844633,generation=2,filenames=[_0.nrm, _0.tis, _0.fnm, _0.tii, _0.frq, segments_2, _0.fdx, _0.prx, _0.fdt]
Jul 02, 2012 3:29:41 PM org.apache.solr.core.SolrDeletionPolicy updateCommits
INFO: newest commit = 1341256844633
Jul 02, 2012 3:29:41 PM org.apache.solr.update.processor.LogUpdateProcessor finish
INFO: {add=[Meeting 980190964]} 0 33
Jul 02, 2012 3:29:41 PM org.apache.solr.core.SolrCore execute
INFO: [] webapp=/solr path=/update params={wt=ruby} status=0 QTime=33 
Jul 02, 2012 3:29:41 PM org.apache.solr.update.DirectUpdateHandler2 commit
INFO: start commit(optimize=false,waitFlush=false,waitSearcher=true,expungeDeletes=false)
Jul 02, 2012 3:29:42 PM org.apache.solr.core.SolrDeletionPolicy onCommit
INFO: SolrDeletionPolicy.onCommit: commits:num=2
	commit{dir=C:\Users\jrizzi1\Ruby\user_group\solr\data\development\index,segFN=segments_2,version=1341256844633,generation=2,filenames=[_0.nrm, _0.tis, _0.fnm, _0.tii, _0.frq, segments_2, _0.fdx, _0.prx, _0.fdt]
	commit{dir=C:\Users\jrizzi1\Ruby\user_group\solr\data\development\index,segFN=segments_3,version=1341256844634,generation=3,filenames=[_0.tis, _0.nrm, _0.fnm, _1.tis, _1.frq, _1.fnm, _1.fdx, _1.prx, _0.tii, _1.fdt, _0.frq, _1.tii, _0.fdx, _0.prx, _1.nrm, segments_3, _0.fdt]
Jul 02, 2012 3:29:42 PM org.apache.solr.core.SolrDeletionPolicy updateCommits
INFO: newest commit = 1341256844634
Jul 02, 2012 3:29:42 PM org.apache.solr.search.SolrIndexSearcher <init>
INFO: Opening Searcher@bc456 main
Jul 02, 2012 3:29:42 PM org.apache.solr.update.DirectUpdateHandler2 commit
INFO: end_commit_flush
Jul 02, 2012 3:29:42 PM org.apache.solr.search.SolrIndexSearcher warm
INFO: autowarming Searcher@bc456 main from Searcher@8d8121 main
	fieldValueCache{lookups=0,hits=0,hitratio=0.00,inserts=0,evictions=0,size=0,warmupTime=0,cumulative_lookups=0,cumulative_hits=0,cumulative_hitratio=0.00,cumulative_inserts=0,cumulative_evictions=0}
Jul 02, 2012 3:29:42 PM org.apache.solr.search.SolrIndexSearcher warm
INFO: autowarming result for Searcher@bc456 main
	fieldValueCache{lookups=0,hits=0,hitratio=0.00,inserts=0,evictions=0,size=0,warmupTime=0,cumulative_lookups=0,cumulative_hits=0,cumulative_hitratio=0.00,cumulative_inserts=0,cumulative_evictions=0}
Jul 02, 2012 3:29:42 PM org.apache.solr.search.SolrIndexSearcher warm
INFO: autowarming Searcher@bc456 main from Searcher@8d8121 main
	filterCache{lookups=0,hits=0,hitratio=0.00,inserts=0,evictions=0,size=0,warmupTime=0,cumulative_lookups=0,cumulative_hits=0,cumulative_hitratio=0.00,cumulative_inserts=0,cumulative_evictions=0}
Jul 02, 2012 3:29:42 PM org.apache.solr.search.SolrIndexSearcher warm
INFO: autowarming result for Searcher@bc456 main
	filterCache{lookups=0,hits=0,hitratio=0.00,inserts=0,evictions=0,size=0,warmupTime=0,cumulative_lookups=0,cumulative_hits=0,cumulative_hitratio=0.00,cumulative_inserts=0,cumulative_evictions=0}
Jul 02, 2012 3:29:42 PM org.apache.solr.search.SolrIndexSearcher warm
INFO: autowarming Searcher@bc456 main from Searcher@8d8121 main
	queryResultCache{lookups=0,hits=0,hitratio=0.00,inserts=0,evictions=0,size=0,warmupTime=0,cumulative_lookups=0,cumulative_hits=0,cumulative_hitratio=0.00,cumulative_inserts=0,cumulative_evictions=0}
Jul 02, 2012 3:29:42 PM org.apache.solr.search.SolrIndexSearcher warm
INFO: autowarming result for Searcher@bc456 main
	queryResultCache{lookups=0,hits=0,hitratio=0.00,inserts=0,evictions=0,size=0,warmupTime=0,cumulative_lookups=0,cumulative_hits=0,cumulative_hitratio=0.00,cumulative_inserts=0,cumulative_evictions=0}
Jul 02, 2012 3:29:42 PM org.apache.solr.search.SolrIndexSearcher warm
INFO: autowarming Searcher@bc456 main from Searcher@8d8121 main
	documentCache{lookups=0,hits=0,hitratio=0.00,inserts=0,evictions=0,size=0,warmupTime=0,cumulative_lookups=0,cumulative_hits=0,cumulative_hitratio=0.00,cumulative_inserts=0,cumulative_evictions=0}
Jul 02, 2012 3:29:42 PM org.apache.solr.search.SolrIndexSearcher warm
INFO: autowarming result for Searcher@bc456 main
	documentCache{lookups=0,hits=0,hitratio=0.00,inserts=0,evictions=0,size=0,warmupTime=0,cumulative_lookups=0,cumulative_hits=0,cumulative_hitratio=0.00,cumulative_inserts=0,cumulative_evictions=0}
Jul 02, 2012 3:29:42 PM org.apache.solr.core.QuerySenderListener newSearcher
INFO: QuerySenderListener sending requests to Searcher@bc456 main
Jul 02, 2012 3:29:42 PM org.apache.solr.core.QuerySenderListener newSearcher
INFO: QuerySenderListener done.
Jul 02, 2012 3:29:42 PM org.apache.solr.core.SolrCore registerSearcher
INFO: [] Registered new searcher Searcher@bc456 main
Jul 02, 2012 3:29:42 PM org.apache.solr.search.SolrIndexSearcher close
INFO: Closing Searcher@8d8121 main
	fieldValueCache{lookups=0,hits=0,hitratio=0.00,inserts=0,evictions=0,size=0,warmupTime=0,cumulative_lookups=0,cumulative_hits=0,cumulative_hitratio=0.00,cumulative_inserts=0,cumulative_evictions=0}
	filterCache{lookups=0,hits=0,hitratio=0.00,inserts=0,evictions=0,size=0,warmupTime=0,cumulative_lookups=0,cumulative_hits=0,cumulative_hitratio=0.00,cumulative_inserts=0,cumulative_evictions=0}
	queryResultCache{lookups=0,hits=0,hitratio=0.00,inserts=0,evictions=0,size=0,warmupTime=0,cumulative_lookups=0,cumulative_hits=0,cumulative_hitratio=0.00,cumulative_inserts=0,cumulative_evictions=0}
	documentCache{lookups=0,hits=0,hitratio=0.00,inserts=0,evictions=0,size=0,warmupTime=0,cumulative_lookups=0,cumulative_hits=0,cumulative_hitratio=0.00,cumulative_inserts=0,cumulative_evictions=0}
Jul 02, 2012 3:29:42 PM org.apache.solr.update.processor.LogUpdateProcessor finish
INFO: {commit=} 0 233
Jul 02, 2012 3:29:42 PM org.apache.solr.core.SolrCore execute
INFO: [] webapp=/solr path=/update params={wt=ruby} status=0 QTime=233 
Jul 02, 2012 3:37:41 PM org.apache.solr.core.SolrCore execute
INFO: [] webapp=/solr path=/select params={fl=*+score&start=0&q=zz&qf=location_text+description_text&wt=ruby&fq=type:Meeting&defType=dismax&rows=30} hits=0 status=0 QTime=68 
Jul 02, 2012 3:38:15 PM org.apache.solr.core.SolrCore execute
INFO: [] webapp=/solr path=/select params={wt=ruby&start=0&fq=type:Meeting&q=*:*&rows=30} hits=2 status=0 QTime=3 
Jul 02, 2012 3:38:19 PM org.apache.solr.core.SolrCore execute
INFO: [] webapp=/solr path=/select params={fl=*+score&start=0&q=zz&qf=location_text+description_text&wt=ruby&fq=type:Meeting&defType=dismax&rows=30} hits=0 status=0 QTime=1 
Jul 02, 2012 3:42:48 PM org.apache.solr.core.SolrCore execute
INFO: [] webapp=/solr path=/select params={wt=ruby&start=0&fq=type:Meeting&q=*:*&rows=30} hits=2 status=0 QTime=1 
Jul 02, 2012 4:03:53 PM org.apache.solr.core.SolrCore execute
INFO: [] webapp=/solr path=/select params={wt=ruby&start=0&fq=type:Meeting&q=*:*&rows=30} hits=2 status=0 QTime=0 
Jul 02, 2012 4:04:00 PM org.apache.solr.core.SolrCore execute
INFO: [] webapp=/solr path=/select params={fl=*+score&start=0&q=inter&qf=location_text+description_text+meets_on_text&wt=ruby&fq=type:Meeting&defType=dismax&rows=30} hits=0 status=0 QTime=2 
Jul 02, 2012 4:04:14 PM org.apache.solr.core.SolrCore execute
INFO: [] webapp=/solr path=/select params={wt=ruby&start=0&fq=type:Meeting&q=*:*&rows=30} hits=2 status=0 QTime=0 
Jul 02, 2012 4:04:17 PM org.apache.solr.core.SolrCore execute
INFO: [] webapp=/solr path=/select params={fl=*+score&start=0&q=inter&qf=location_text+description_text+meets_on_text&wt=ruby&fq=type:Meeting&defType=dismax&rows=30} hits=0 status=0 QTime=1 
Jul 02, 2012 4:07:37 PM org.apache.solr.core.SolrDeletionPolicy onInit
INFO: SolrDeletionPolicy.onInit: commits:num=1
	commit{dir=C:\Users\jrizzi1\Ruby\user_group\solr\data\development\index,segFN=segments_3,version=1341256844634,generation=3,filenames=[_0.tis, _0.nrm, _0.fnm, _1.tis, _1.frq, _1.fnm, _1.fdx, _1.prx, _0.tii, _1.fdt, _0.frq, _1.tii, _0.fdx, _0.prx, _1.nrm, segments_3, _0.fdt]
Jul 02, 2012 4:07:37 PM org.apache.solr.core.SolrDeletionPolicy updateCommits
INFO: newest commit = 1341256844634
Jul 02, 2012 4:07:37 PM org.apache.solr.update.processor.LogUpdateProcessor finish
INFO: {deleteByQuery=type:Meeting} 0 77
Jul 02, 2012 4:07:37 PM org.apache.solr.core.SolrCore execute
INFO: [] webapp=/solr path=/update params={wt=ruby} status=0 QTime=77 
Jul 02, 2012 4:07:38 PM org.apache.solr.update.processor.LogUpdateProcessor finish
INFO: {add=[Meeting 298486374, Meeting 980190962, Meeting 980190963, Meeting 980190964]} 0 3
Jul 02, 2012 4:07:38 PM org.apache.solr.core.SolrCore execute
INFO: [] webapp=/solr path=/update params={wt=ruby} status=0 QTime=3 
Jul 02, 2012 4:07:38 PM org.apache.solr.update.DirectUpdateHandler2 commit
INFO: start commit(optimize=false,waitFlush=false,waitSearcher=true,expungeDeletes=false)
Jul 02, 2012 4:07:38 PM org.apache.solr.core.SolrDeletionPolicy onCommit
INFO: SolrDeletionPolicy.onCommit: commits:num=2
	commit{dir=C:\Users\jrizzi1\Ruby\user_group\solr\data\development\index,segFN=segments_3,version=1341256844634,generation=3,filenames=[_0.tis, _0.nrm, _0.fnm, _1.tis, _1.frq, _1.fnm, _1.fdx, _1.prx, _0.tii, _1.fdt, _0.frq, _1.tii, _0.fdx, _0.prx, _1.nrm, segments_3, _0.fdt]
	commit{dir=C:\Users\jrizzi1\Ruby\user_group\solr\data\development\index,segFN=segments_4,version=1341256844635,generation=4,filenames=[_0.tis, _1.frq, _2.tii, _1.fnm, _1.tii, _0.prx, _0.nrm, _0.fnm, _1.tis, _2.prx, _2.fdt, _0_1.del, _2.frq, _1_1.del, _2.fdx, _2.fnm, _1.prx, _1.fdx, _2.tis, _0.tii, _1.fdt, _0.frq, _0.fdx, _0.fdt, _1.nrm, _2.nrm, segments_4]
Jul 02, 2012 4:07:38 PM org.apache.solr.core.SolrDeletionPolicy updateCommits
INFO: newest commit = 1341256844635
Jul 02, 2012 4:07:38 PM org.apache.solr.search.SolrIndexSearcher <init>
INFO: Opening Searcher@8806cd main
Jul 02, 2012 4:07:38 PM org.apache.solr.update.DirectUpdateHandler2 commit
INFO: end_commit_flush
Jul 02, 2012 4:07:38 PM org.apache.solr.search.SolrIndexSearcher warm
INFO: autowarming Searcher@8806cd main from Searcher@bc456 main
	fieldValueCache{lookups=0,hits=0,hitratio=0.00,inserts=0,evictions=0,size=0,warmupTime=0,cumulative_lookups=0,cumulative_hits=0,cumulative_hitratio=0.00,cumulative_inserts=0,cumulative_evictions=0}
Jul 02, 2012 4:07:38 PM org.apache.solr.search.SolrIndexSearcher warm
INFO: autowarming result for Searcher@8806cd main
	fieldValueCache{lookups=0,hits=0,hitratio=0.00,inserts=0,evictions=0,size=0,warmupTime=0,cumulative_lookups=0,cumulative_hits=0,cumulative_hitratio=0.00,cumulative_inserts=0,cumulative_evictions=0}
Jul 02, 2012 4:07:38 PM org.apache.solr.search.SolrIndexSearcher warm
INFO: autowarming Searcher@8806cd main from Searcher@bc456 main
	filterCache{lookups=3,hits=2,hitratio=0.66,inserts=1,evictions=0,size=1,warmupTime=0,cumulative_lookups=3,cumulative_hits=2,cumulative_hitratio=0.66,cumulative_inserts=1,cumulative_evictions=0}
Jul 02, 2012 4:07:38 PM org.apache.solr.search.SolrIndexSearcher warm
INFO: autowarming result for Searcher@8806cd main
	filterCache{lookups=0,hits=0,hitratio=0.00,inserts=0,evictions=0,size=0,warmupTime=0,cumulative_lookups=3,cumulative_hits=2,cumulative_hitratio=0.66,cumulative_inserts=1,cumulative_evictions=0}
Jul 02, 2012 4:07:38 PM org.apache.solr.search.SolrIndexSearcher warm
INFO: autowarming Searcher@8806cd main from Searcher@bc456 main
	queryResultCache{lookups=8,hits=5,hitratio=0.62,inserts=3,evictions=0,size=3,warmupTime=0,cumulative_lookups=8,cumulative_hits=5,cumulative_hitratio=0.62,cumulative_inserts=3,cumulative_evictions=0}
Jul 02, 2012 4:07:38 PM org.apache.solr.search.SolrIndexSearcher warm
INFO: autowarming result for Searcher@8806cd main
	queryResultCache{lookups=0,hits=0,hitratio=0.00,inserts=0,evictions=0,size=0,warmupTime=0,cumulative_lookups=8,cumulative_hits=5,cumulative_hitratio=0.62,cumulative_inserts=3,cumulative_evictions=0}
Jul 02, 2012 4:07:38 PM org.apache.solr.search.SolrIndexSearcher warm
INFO: autowarming Searcher@8806cd main from Searcher@bc456 main
	documentCache{lookups=16,hits=14,hitratio=0.87,inserts=2,evictions=0,size=2,warmupTime=0,cumulative_lookups=16,cumulative_hits=14,cumulative_hitratio=0.87,cumulative_inserts=2,cumulative_evictions=0}
Jul 02, 2012 4:07:38 PM org.apache.solr.search.SolrIndexSearcher warm
INFO: autowarming result for Searcher@8806cd main
	documentCache{lookups=0,hits=0,hitratio=0.00,inserts=0,evictions=0,size=0,warmupTime=0,cumulative_lookups=16,cumulative_hits=14,cumulative_hitratio=0.87,cumulative_inserts=2,cumulative_evictions=0}
Jul 02, 2012 4:07:38 PM org.apache.solr.core.QuerySenderListener newSearcher
INFO: QuerySenderListener sending requests to Searcher@8806cd main
Jul 02, 2012 4:07:38 PM org.apache.solr.core.QuerySenderListener newSearcher
INFO: QuerySenderListener done.
Jul 02, 2012 4:07:38 PM org.apache.solr.core.SolrCore registerSearcher
INFO: [] Registered new searcher Searcher@8806cd main
Jul 02, 2012 4:07:38 PM org.apache.solr.search.SolrIndexSearcher close
INFO: Closing Searcher@bc456 main
	fieldValueCache{lookups=0,hits=0,hitratio=0.00,inserts=0,evictions=0,size=0,warmupTime=0,cumulative_lookups=0,cumulative_hits=0,cumulative_hitratio=0.00,cumulative_inserts=0,cumulative_evictions=0}
	filterCache{lookups=3,hits=2,hitratio=0.66,inserts=1,evictions=0,size=1,warmupTime=0,cumulative_lookups=3,cumulative_hits=2,cumulative_hitratio=0.66,cumulative_inserts=1,cumulative_evictions=0}
	queryResultCache{lookups=8,hits=5,hitratio=0.62,inserts=3,evictions=0,size=3,warmupTime=0,cumulative_lookups=8,cumulative_hits=5,cumulative_hitratio=0.62,cumulative_inserts=3,cumulative_evictions=0}
	documentCache{lookups=16,hits=14,hitratio=0.87,inserts=2,evictions=0,size=2,warmupTime=0,cumulative_lookups=16,cumulative_hits=14,cumulative_hitratio=0.87,cumulative_inserts=2,cumulative_evictions=0}
Jul 02, 2012 4:07:38 PM org.apache.solr.update.processor.LogUpdateProcessor finish
INFO: {commit=} 0 571
Jul 02, 2012 4:07:38 PM org.apache.solr.core.SolrCore execute
INFO: [] webapp=/solr path=/update params={wt=ruby} status=0 QTime=571 
Jul 02, 2012 4:10:59 PM org.apache.solr.core.SolrCore execute
INFO: [] webapp=/solr path=/select params={wt=ruby&start=0&fq=type:Meeting&q=*:*&rows=30} hits=4 status=0 QTime=1 
Jul 02, 2012 4:12:49 PM org.apache.solr.core.SolrCore execute
INFO: [] webapp=/solr path=/select params={wt=ruby&start=0&fq=type:Meeting&q=*:*&rows=30} hits=4 status=0 QTime=1 
Jul 02, 2012 4:12:54 PM org.apache.solr.core.SolrCore execute
INFO: [] webapp=/solr path=/select params={fl=*+score&start=0&q=inter&qf=location_text+description_text+meets_on_text&wt=ruby&fq=type:Meeting&defType=dismax&rows=30} hits=0 status=0 QTime=4 
Jul 02, 2012 4:15:40 PM org.apache.solr.core.SolrCore execute
INFO: [] webapp=/solr path=/select params={fl=*+score&start=0&q=inter&qf=location_text+description_text+meets_on_text&wt=ruby&fq=type:Meeting&defType=dismax&rows=30} hits=0 status=0 QTime=2 
Jul 02, 2012 4:15:43 PM org.apache.solr.core.SolrCore execute
INFO: [] webapp=/solr path=/select params={fl=*+score&start=0&q=inter&qf=location_text+description_text+meets_on_text&wt=ruby&fq=type:Meeting&defType=dismax&rows=30} hits=0 status=0 QTime=1 
Jul 02, 2012 4:16:03 PM org.apache.solr.core.SolrCore execute
INFO: [] webapp=/solr path=/select params={wt=ruby&start=0&fq=type:Meeting&q=*:*&rows=30} hits=4 status=0 QTime=1 
Jul 02, 2012 4:16:06 PM org.apache.solr.core.SolrCore execute
INFO: [] webapp=/solr path=/select params={wt=ruby&start=0&fq=type:Meeting&q=*:*&rows=30} hits=4 status=0 QTime=1 
Jul 02, 2012 4:18:46 PM org.apache.solr.core.SolrCore execute
INFO: [] webapp=/solr path=/select params={wt=ruby&start=0&fq=type:Meeting&q=*:*&rows=30} hits=4 status=0 QTime=1 
Jul 02, 2012 4:19:54 PM org.apache.solr.core.SolrCore execute
INFO: [] webapp=/solr path=/select params={wt=ruby&start=0&fq=type:Meeting&q=*:*&rows=30} hits=4 status=0 QTime=0 
Jul 02, 2012 4:19:58 PM org.apache.solr.core.SolrCore execute
INFO: [] webapp=/solr path=/select params={fl=*+score&start=0&q=zz&qf=location_text+description_text+meets_on_text&wt=ruby&fq=type:Meeting&defType=dismax&rows=30} hits=0 status=0 QTime=2 
Jul 02, 2012 4:20:01 PM org.apache.solr.core.SolrCore execute
INFO: [] webapp=/solr path=/select params={fl=*+score&start=0&q=inter&qf=location_text+description_text+meets_on_text&wt=ruby&fq=type:Meeting&defType=dismax&rows=30} hits=0 status=0 QTime=0 
Jul 02, 2012 4:20:05 PM org.apache.solr.core.SolrCore execute
INFO: [] webapp=/solr path=/select params={fl=*+score&start=0&q=mars&qf=location_text+description_text+meets_on_text&wt=ruby&fq=type:Meeting&defType=dismax&rows=30} hits=1 status=0 QTime=67 
Jul 02, 2012 4:20:28 PM org.apache.solr.core.SolrCore execute
INFO: [] webapp=/solr path=/select params={fl=*+score&start=0&q=mars&qf=location_text+description_text+meets_on_text&wt=ruby&fq=type:Meeting&defType=dismax&rows=30} hits=1 status=0 QTime=1 
Jul 02, 2012 4:20:35 PM org.apache.solr.core.SolrCore execute
INFO: [] webapp=/solr path=/select params={fl=*+score&start=0&q=zz&qf=location_text+description_text+meets_on_text&wt=ruby&fq=type:Meeting&defType=dismax&rows=30} hits=0 status=0 QTime=1 
Jul 02, 2012 4:20:38 PM org.apache.solr.core.SolrCore execute
INFO: [] webapp=/solr path=/select params={fl=*+score&start=0&q=inter&qf=location_text+description_text+meets_on_text&wt=ruby&fq=type:Meeting&defType=dismax&rows=30} hits=0 status=0 QTime=1 
Jul 02, 2012 4:20:41 PM org.apache.solr.core.SolrCore execute
INFO: [] webapp=/solr path=/select params={fl=*+score&start=0&q=mars&qf=location_text+description_text+meets_on_text&wt=ruby&fq=type:Meeting&defType=dismax&rows=30} hits=1 status=0 QTime=1 
Jul 02, 2012 4:20:59 PM org.apache.solr.core.SolrCore execute
INFO: [] webapp=/solr path=/select params={fl=*+score&start=0&q=indep&qf=location_text+description_text+meets_on_text&wt=ruby&fq=type:Meeting&defType=dismax&rows=30} hits=0 status=0 QTime=3 
Jul 02, 2012 4:21:01 PM org.apache.solr.core.SolrCore execute
INFO: [] webapp=/solr path=/select params={fl=*+score&start=0&q=indep&qf=location_text+description_text+meets_on_text&wt=ruby&fq=type:Meeting&defType=dismax&rows=30} hits=0 status=0 QTime=1 
Jul 02, 2012 4:21:06 PM org.apache.solr.core.SolrCore execute
INFO: [] webapp=/solr path=/select params={fl=*+score&start=0&q=Indep&qf=location_text+description_text+meets_on_text&wt=ruby&fq=type:Meeting&defType=dismax&rows=30} hits=0 status=0 QTime=1 
Jul 02, 2012 4:21:14 PM org.apache.solr.core.SolrCore execute
INFO: [] webapp=/solr path=/select params={fl=*+score&start=0&q=Bear&qf=location_text+description_text+meets_on_text&wt=ruby&fq=type:Meeting&defType=dismax&rows=30} hits=1 status=0 QTime=1 
Jul 02, 2012 4:23:31 PM org.apache.solr.core.SolrDeletionPolicy onInit
INFO: SolrDeletionPolicy.onInit: commits:num=1
	commit{dir=C:\Users\jrizzi1\Ruby\user_group\solr\data\development\index,segFN=segments_4,version=1341256844635,generation=4,filenames=[_0.tis, _1.frq, _2.tii, _1.fnm, _1.tii, _0.prx, _0.nrm, _0.fnm, _1.tis, _2.prx, _2.fdt, _0_1.del, _2.frq, _1_1.del, _2.fdx, _2.fnm, _1.prx, _1.fdx, _2.tis, _0.tii, _1.fdt, _0.frq, _0.fdx, _0.fdt, _1.nrm, _2.nrm, segments_4]
Jul 02, 2012 4:23:31 PM org.apache.solr.core.SolrDeletionPolicy updateCommits
INFO: newest commit = 1341256844635
Jul 02, 2012 4:23:31 PM org.apache.solr.update.processor.LogUpdateProcessor finish
INFO: {add=[Meeting 980190965]} 0 37
Jul 02, 2012 4:23:31 PM org.apache.solr.core.SolrCore execute
INFO: [] webapp=/solr path=/update params={wt=ruby} status=0 QTime=37 
Jul 02, 2012 4:23:31 PM org.apache.solr.update.DirectUpdateHandler2 commit
INFO: start commit(optimize=false,waitFlush=false,waitSearcher=true,expungeDeletes=false)
Jul 02, 2012 4:23:32 PM org.apache.solr.core.SolrDeletionPolicy onCommit
INFO: SolrDeletionPolicy.onCommit: commits:num=2
	commit{dir=C:\Users\jrizzi1\Ruby\user_group\solr\data\development\index,segFN=segments_4,version=1341256844635,generation=4,filenames=[_0.tis, _1.frq, _2.tii, _1.fnm, _1.tii, _0.prx, _0.nrm, _0.fnm, _1.tis, _2.prx, _2.fdt, _0_1.del, _2.frq, _1_1.del, _2.fdx, _2.fnm, _1.prx, _1.fdx, _2.tis, _0.tii, _1.fdt, _0.frq, _0.fdx, _0.fdt, _1.nrm, _2.nrm, segments_4]
	commit{dir=C:\Users\jrizzi1\Ruby\user_group\solr\data\development\index,segFN=segments_5,version=1341256844636,generation=5,filenames=[_0.tis, _3.tii, _3.frq, _1.frq, _3.fdt, _3.fnm, _2.tii, _1.fnm, _1.tii, _0.prx, _3.nrm, _0.nrm, _0.fnm, _1.tis, _2.prx, _2.fdt, _0_1.del, _2.frq, _3.prx, _1_1.del, _2.fdx, _2.fnm, _3.fdx, _1.prx, _1.fdx, _2.tis, _0.tii, _1.fdt, _0.frq, _0.fdx, segments_5, _0.fdt, _1.nrm, _2.nrm, _3.tis]
Jul 02, 2012 4:23:32 PM org.apache.solr.core.SolrDeletionPolicy updateCommits
INFO: newest commit = 1341256844636
Jul 02, 2012 4:23:32 PM org.apache.solr.search.SolrIndexSearcher <init>
INFO: Opening Searcher@db8ff0 main
Jul 02, 2012 4:23:32 PM org.apache.solr.search.SolrIndexSearcher warm
INFO: autowarming Searcher@db8ff0 main from Searcher@8806cd main
	fieldValueCache{lookups=0,hits=0,hitratio=0.00,inserts=0,evictions=0,size=0,warmupTime=0,cumulative_lookups=0,cumulative_hits=0,cumulative_hitratio=0.00,cumulative_inserts=0,cumulative_evictions=0}
Jul 02, 2012 4:23:32 PM org.apache.solr.search.SolrIndexSearcher warm
INFO: autowarming result for Searcher@db8ff0 main
	fieldValueCache{lookups=0,hits=0,hitratio=0.00,inserts=0,evictions=0,size=0,warmupTime=0,cumulative_lookups=0,cumulative_hits=0,cumulative_hitratio=0.00,cumulative_inserts=0,cumulative_evictions=0}
Jul 02, 2012 4:23:32 PM org.apache.solr.update.DirectUpdateHandler2 commit
INFO: end_commit_flush
Jul 02, 2012 4:23:32 PM org.apache.solr.search.SolrIndexSearcher warm
INFO: autowarming Searcher@db8ff0 main from Searcher@8806cd main
	filterCache{lookups=6,hits=5,hitratio=0.83,inserts=1,evictions=0,size=1,warmupTime=0,cumulative_lookups=9,cumulative_hits=7,cumulative_hitratio=0.77,cumulative_inserts=2,cumulative_evictions=0}
Jul 02, 2012 4:23:32 PM org.apache.solr.search.SolrIndexSearcher warm
INFO: autowarming result for Searcher@db8ff0 main
	filterCache{lookups=0,hits=0,hitratio=0.00,inserts=0,evictions=0,size=0,warmupTime=0,cumulative_lookups=9,cumulative_hits=7,cumulative_hitratio=0.77,cumulative_inserts=2,cumulative_evictions=0}
Jul 02, 2012 4:23:32 PM org.apache.solr.search.SolrIndexSearcher warm
INFO: autowarming Searcher@db8ff0 main from Searcher@8806cd main
	queryResultCache{lookups=20,hits=14,hitratio=0.70,inserts=6,evictions=0,size=6,warmupTime=0,cumulative_lookups=28,cumulative_hits=19,cumulative_hitratio=0.67,cumulative_inserts=9,cumulative_evictions=0}
Jul 02, 2012 4:23:32 PM org.apache.solr.search.SolrIndexSearcher warm
INFO: autowarming result for Searcher@db8ff0 main
	queryResultCache{lookups=0,hits=0,hitratio=0.00,inserts=0,evictions=0,size=0,warmupTime=0,cumulative_lookups=28,cumulative_hits=19,cumulative_hitratio=0.67,cumulative_inserts=9,cumulative_evictions=0}
Jul 02, 2012 4:23:32 PM org.apache.solr.search.SolrIndexSearcher warm
INFO: autowarming Searcher@db8ff0 main from Searcher@8806cd main
	documentCache{lookups=56,hits=52,hitratio=0.92,inserts=4,evictions=0,size=4,warmupTime=0,cumulative_lookups=72,cumulative_hits=66,cumulative_hitratio=0.91,cumulative_inserts=6,cumulative_evictions=0}
Jul 02, 2012 4:23:32 PM org.apache.solr.search.SolrIndexSearcher warm
INFO: autowarming result for Searcher@db8ff0 main
	documentCache{lookups=0,hits=0,hitratio=0.00,inserts=0,evictions=0,size=0,warmupTime=0,cumulative_lookups=72,cumulative_hits=66,cumulative_hitratio=0.91,cumulative_inserts=6,cumulative_evictions=0}
Jul 02, 2012 4:23:32 PM org.apache.solr.core.QuerySenderListener newSearcher
INFO: QuerySenderListener sending requests to Searcher@db8ff0 main
Jul 02, 2012 4:23:32 PM org.apache.solr.core.QuerySenderListener newSearcher
INFO: QuerySenderListener done.
Jul 02, 2012 4:23:32 PM org.apache.solr.core.SolrCore registerSearcher
INFO: [] Registered new searcher Searcher@db8ff0 main
Jul 02, 2012 4:23:32 PM org.apache.solr.search.SolrIndexSearcher close
INFO: Closing Searcher@8806cd main
	fieldValueCache{lookups=0,hits=0,hitratio=0.00,inserts=0,evictions=0,size=0,warmupTime=0,cumulative_lookups=0,cumulative_hits=0,cumulative_hitratio=0.00,cumulative_inserts=0,cumulative_evictions=0}
	filterCache{lookups=6,hits=5,hitratio=0.83,inserts=1,evictions=0,size=1,warmupTime=0,cumulative_lookups=9,cumulative_hits=7,cumulative_hitratio=0.77,cumulative_inserts=2,cumulative_evictions=0}
	queryResultCache{lookups=20,hits=14,hitratio=0.70,inserts=6,evictions=0,size=6,warmupTime=0,cumulative_lookups=28,cumulative_hits=19,cumulative_hitratio=0.67,cumulative_inserts=9,cumulative_evictions=0}
	documentCache{lookups=56,hits=52,hitratio=0.92,inserts=4,evictions=0,size=4,warmupTime=0,cumulative_lookups=72,cumulative_hits=66,cumulative_hitratio=0.91,cumulative_inserts=6,cumulative_evictions=0}
Jul 02, 2012 4:23:32 PM org.apache.solr.update.processor.LogUpdateProcessor finish
INFO: {commit=} 0 260
Jul 02, 2012 4:23:32 PM org.apache.solr.core.SolrCore execute
INFO: [] webapp=/solr path=/update params={wt=ruby} status=0 QTime=260 
Jul 02, 2012 4:23:32 PM org.apache.solr.core.SolrCore execute
INFO: [] webapp=/solr path=/select params={wt=ruby&start=0&fq=type:Meeting&q=*:*&rows=30} hits=5 status=0 QTime=1 
Jul 02, 2012 4:23:56 PM org.apache.solr.core.SolrCore execute
INFO: [] webapp=/solr path=/select params={wt=ruby&start=0&fq=type:Meeting&q=*:*&rows=30} hits=5 status=0 QTime=1 
Jul 02, 2012 4:24:08 PM org.apache.solr.core.SolrCore execute
INFO: [] webapp=/solr path=/select params={wt=ruby&start=0&fq=type:Meeting&q=*:*&rows=30} hits=5 status=0 QTime=1 
Jul 02, 2012 4:24:30 PM org.apache.solr.core.SolrCore execute
INFO: [] webapp=/solr path=/select params={wt=ruby&start=0&fq=type:Meeting&q=*:*&rows=30} hits=5 status=0 QTime=1 
Jul 02, 2012 4:24:35 PM org.apache.solr.core.SolrCore execute
INFO: [] webapp=/solr path=/select params={fl=*+score&start=0&q=inter&qf=location_text+description_text+meets_on_text&wt=ruby&fq=type:Meeting&defType=dismax&rows=30} hits=0 status=0 QTime=2 
Jul 02, 2012 4:25:21 PM org.apache.solr.core.SolrCore execute
INFO: [] webapp=/solr path=/select params={fl=*+score&start=0&q=July&qf=location_text+description_text+meets_on_text&wt=ruby&fq=type:Meeting&defType=dismax&rows=30} hits=0 status=0 QTime=1 
Jul 02, 2012 4:25:26 PM org.apache.solr.core.SolrCore execute
INFO: [] webapp=/solr path=/select params={fl=*+score&start=0&q=june&qf=location_text+description_text+meets_on_text&wt=ruby&fq=type:Meeting&defType=dismax&rows=30} hits=0 status=0 QTime=1 
Jul 02, 2012 4:25:30 PM org.apache.solr.core.SolrCore execute
INFO: [] webapp=/solr path=/select params={fl=*+score&start=0&q=7&qf=location_text+description_text+meets_on_text&wt=ruby&fq=type:Meeting&defType=dismax&rows=30} hits=0 status=0 QTime=3 
Jul 02, 2012 4:27:01 PM org.apache.solr.core.SolrCore execute
INFO: [] webapp=/solr path=/select params={wt=ruby&start=0&fq=type:Meeting&q=*:*&rows=30} hits=5 status=0 QTime=0 
Jul 02, 2012 4:27:06 PM org.apache.solr.core.SolrCore execute
INFO: [] webapp=/solr path=/select params={fl=*+score&start=0&q=june&qf=location_text+description_text+name_text&wt=ruby&fq=type:Meeting&defType=dismax&rows=30} hits=0 status=0 QTime=2 
Jul 02, 2012 4:27:11 PM org.apache.solr.core.SolrCore execute
INFO: [] webapp=/solr path=/select params={fl=*+score&start=0&q=July&qf=location_text+description_text+name_text&wt=ruby&fq=type:Meeting&defType=dismax&rows=30} hits=0 status=0 QTime=2 
Jul 02, 2012 4:27:14 PM org.apache.solr.core.SolrCore execute
INFO: [] webapp=/solr path=/select params={fl=*+score&start=0&q=July&qf=location_text+description_text+name_text&wt=ruby&fq=type:Meeting&defType=dismax&rows=30} hits=0 status=0 QTime=1 
Jul 02, 2012 4:27:42 PM org.apache.solr.core.SolrDeletionPolicy onInit
INFO: SolrDeletionPolicy.onInit: commits:num=1
	commit{dir=C:\Users\jrizzi1\Ruby\user_group\solr\data\development\index,segFN=segments_5,version=1341256844636,generation=5,filenames=[_0.tis, _3.tii, _3.frq, _1.frq, _3.fdt, _3.fnm, _2.tii, _1.fnm, _1.tii, _0.prx, _3.nrm, _0.nrm, _0.fnm, _1.tis, _2.prx, _2.fdt, _0_1.del, _2.frq, _3.prx, _1_1.del, _2.fdx, _2.fnm, _3.fdx, _1.prx, _1.fdx, _2.tis, _0.tii, _1.fdt, _0.frq, _0.fdx, segments_5, _0.fdt, _1.nrm, _2.nrm, _3.tis]
Jul 02, 2012 4:27:42 PM org.apache.solr.core.SolrDeletionPolicy updateCommits
INFO: newest commit = 1341256844636
Jul 02, 2012 4:27:42 PM org.apache.solr.update.processor.LogUpdateProcessor finish
INFO: {deleteByQuery=type:Meeting} 0 31
Jul 02, 2012 4:27:42 PM org.apache.solr.core.SolrCore execute
INFO: [] webapp=/solr path=/update params={wt=ruby} status=0 QTime=31 
Jul 02, 2012 4:27:43 PM org.apache.solr.update.processor.LogUpdateProcessor finish
INFO: {add=[Meeting 298486374, Meeting 980190962, Meeting 980190963, Meeting 980190964, Meeting 980190965]} 0 5
Jul 02, 2012 4:27:43 PM org.apache.solr.core.SolrCore execute
INFO: [] webapp=/solr path=/update params={wt=ruby} status=0 QTime=5 
Jul 02, 2012 4:27:43 PM org.apache.solr.update.DirectUpdateHandler2 commit
INFO: start commit(optimize=false,waitFlush=false,waitSearcher=true,expungeDeletes=false)
Jul 02, 2012 4:27:43 PM org.apache.solr.core.SolrDeletionPolicy onCommit
INFO: SolrDeletionPolicy.onCommit: commits:num=2
	commit{dir=C:\Users\jrizzi1\Ruby\user_group\solr\data\development\index,segFN=segments_5,version=1341256844636,generation=5,filenames=[_0.tis, _3.tii, _3.frq, _1.frq, _3.fdt, _3.fnm, _2.tii, _1.fnm, _1.tii, _0.prx, _3.nrm, _0.nrm, _0.fnm, _1.tis, _2.prx, _2.fdt, _0_1.del, _2.frq, _3.prx, _1_1.del, _2.fdx, _2.fnm, _3.fdx, _1.prx, _1.fdx, _2.tis, _0.tii, _1.fdt, _0.frq, _0.fdx, segments_5, _0.fdt, _1.nrm, _2.nrm, _3.tis]
	commit{dir=C:\Users\jrizzi1\Ruby\user_group\solr\data\development\index,segFN=segments_6,version=1341256844637,generation=6,filenames=[_0.tis, _3.tii, _3.frq, _1.frq, _4.prx, _4.fnm, _3.fdt, _3.fnm, _2.tii, _1.fnm, _3_1.del, _4.fdx, _4.frq, _1.tii, _4.tis, _2_1.del, _0.prx, _3.nrm, _4.tii, _0.nrm, _0.fnm, _1.tis, _2.prx, _4.nrm, _2.fdt, _0_1.del, _2.frq, _4.fdt, _3.prx, _1_1.del, _2.fdx, _2.fnm, _3.fdx, _1.prx, _1.fdx, _2.tis, _0.tii, _1.fdt, _0.frq, _0.fdx, segments_6, _0.fdt, _1.nrm, _2.nrm, _3.tis]
Jul 02, 2012 4:27:43 PM org.apache.solr.core.SolrDeletionPolicy updateCommits
INFO: newest commit = 1341256844637
Jul 02, 2012 4:27:43 PM org.apache.solr.search.SolrIndexSearcher <init>
INFO: Opening Searcher@90ec72 main
Jul 02, 2012 4:27:43 PM org.apache.solr.search.SolrIndexSearcher warm
INFO: autowarming Searcher@90ec72 main from Searcher@db8ff0 main
	fieldValueCache{lookups=0,hits=0,hitratio=0.00,inserts=0,evictions=0,size=0,warmupTime=0,cumulative_lookups=0,cumulative_hits=0,cumulative_hitratio=0.00,cumulative_inserts=0,cumulative_evictions=0}
Jul 02, 2012 4:27:43 PM org.apache.solr.search.SolrIndexSearcher warm
INFO: autowarming result for Searcher@90ec72 main
	fieldValueCache{lookups=0,hits=0,hitratio=0.00,inserts=0,evictions=0,size=0,warmupTime=0,cumulative_lookups=0,cumulative_hits=0,cumulative_hitratio=0.00,cumulative_inserts=0,cumulative_evictions=0}
Jul 02, 2012 4:27:43 PM org.apache.solr.search.SolrIndexSearcher warm
INFO: autowarming Searcher@90ec72 main from Searcher@db8ff0 main
	filterCache{lookups=7,hits=6,hitratio=0.85,inserts=1,evictions=0,size=1,warmupTime=0,cumulative_lookups=16,cumulative_hits=13,cumulative_hitratio=0.81,cumulative_inserts=3,cumulative_evictions=0}
Jul 02, 2012 4:27:43 PM org.apache.solr.search.SolrIndexSearcher warm
INFO: autowarming result for Searcher@90ec72 main
	filterCache{lookups=0,hits=0,hitratio=0.00,inserts=0,evictions=0,size=0,warmupTime=0,cumulative_lookups=16,cumulative_hits=13,cumulative_hitratio=0.81,cumulative_inserts=3,cumulative_evictions=0}
Jul 02, 2012 4:27:43 PM org.apache.solr.search.SolrIndexSearcher warm
INFO: autowarming Searcher@90ec72 main from Searcher@db8ff0 main
	queryResultCache{lookups=12,hits=5,hitratio=0.41,inserts=7,evictions=0,size=7,warmupTime=0,cumulative_lookups=40,cumulative_hits=24,cumulative_hitratio=0.60,cumulative_inserts=16,cumulative_evictions=0}
Jul 02, 2012 4:27:43 PM org.apache.solr.search.SolrIndexSearcher warm
INFO: autowarming result for Searcher@90ec72 main
	queryResultCache{lookups=0,hits=0,hitratio=0.00,inserts=0,evictions=0,size=0,warmupTime=0,cumulative_lookups=40,cumulative_hits=24,cumulative_hitratio=0.60,cumulative_inserts=16,cumulative_evictions=0}
Jul 02, 2012 4:27:43 PM org.apache.solr.search.SolrIndexSearcher warm
INFO: autowarming Searcher@90ec72 main from Searcher@db8ff0 main
	documentCache{lookups=50,hits=45,hitratio=0.90,inserts=5,evictions=0,size=5,warmupTime=0,cumulative_lookups=122,cumulative_hits=111,cumulative_hitratio=0.90,cumulative_inserts=11,cumulative_evictions=0}
Jul 02, 2012 4:27:43 PM org.apache.solr.search.SolrIndexSearcher warm
INFO: autowarming result for Searcher@90ec72 main
	documentCache{lookups=0,hits=0,hitratio=0.00,inserts=0,evictions=0,size=0,warmupTime=0,cumulative_lookups=122,cumulative_hits=111,cumulative_hitratio=0.90,cumulative_inserts=11,cumulative_evictions=0}
Jul 02, 2012 4:27:43 PM org.apache.solr.core.QuerySenderListener newSearcher
INFO: QuerySenderListener sending requests to Searcher@90ec72 main
Jul 02, 2012 4:27:43 PM org.apache.solr.core.QuerySenderListener newSearcher
INFO: QuerySenderListener done.
Jul 02, 2012 4:27:43 PM org.apache.solr.core.SolrCore registerSearcher
INFO: [] Registered new searcher Searcher@90ec72 main
Jul 02, 2012 4:27:43 PM org.apache.solr.search.SolrIndexSearcher close
INFO: Closing Searcher@db8ff0 main
	fieldValueCache{lookups=0,hits=0,hitratio=0.00,inserts=0,evictions=0,size=0,warmupTime=0,cumulative_lookups=0,cumulative_hits=0,cumulative_hitratio=0.00,cumulative_inserts=0,cumulative_evictions=0}
	filterCache{lookups=7,hits=6,hitratio=0.85,inserts=1,evictions=0,size=1,warmupTime=0,cumulative_lookups=16,cumulative_hits=13,cumulative_hitratio=0.81,cumulative_inserts=3,cumulative_evictions=0}
	queryResultCache{lookups=12,hits=5,hitratio=0.41,inserts=7,evictions=0,size=7,warmupTime=0,cumulative_lookups=40,cumulative_hits=24,cumulative_hitratio=0.60,cumulative_inserts=16,cumulative_evictions=0}
	documentCache{lookups=50,hits=45,hitratio=0.90,inserts=5,evictions=0,size=5,warmupTime=0,cumulative_lookups=122,cumulative_hits=111,cumulative_hitratio=0.90,cumulative_inserts=11,cumulative_evictions=0}
Jul 02, 2012 4:27:43 PM org.apache.solr.update.DirectUpdateHandler2 commit
INFO: end_commit_flush
Jul 02, 2012 4:27:43 PM org.apache.solr.update.processor.LogUpdateProcessor finish
INFO: {commit=} 0 454
Jul 02, 2012 4:27:43 PM org.apache.solr.core.SolrCore execute
INFO: [] webapp=/solr path=/update params={wt=ruby} status=0 QTime=454 
Jul 02, 2012 4:28:34 PM org.apache.solr.core.SolrCore execute
INFO: [] webapp=/solr path=/select params={wt=ruby&start=0&fq=type:Meeting&q=*:*&rows=30} hits=5 status=0 QTime=2 
Jul 02, 2012 4:28:38 PM org.apache.solr.core.SolrCore execute
INFO: [] webapp=/solr path=/select params={fl=*+score&start=0&q=July&qf=location_text+description_text+name_text&wt=ruby&fq=type:Meeting&defType=dismax&rows=30} hits=1 status=0 QTime=2 
Jul 02, 2012 4:28:44 PM org.apache.solr.core.SolrCore execute
INFO: [] webapp=/solr path=/select params={fl=*+score&start=0&q=Indep&qf=location_text+description_text+name_text&wt=ruby&fq=type:Meeting&defType=dismax&rows=30} hits=0 status=0 QTime=4 
Jul 02, 2012 4:32:04 PM org.apache.solr.core.SolrCore execute
INFO: [] webapp=/solr path=/select params={wt=ruby&start=0&fq=type:Meeting&q=*:*&rows=30} hits=5 status=0 QTime=1 
Jul 02, 2012 4:32:30 PM org.apache.solr.core.SolrCore execute
INFO: [] webapp=/solr path=/select params={wt=ruby&start=0&fq=type:Meeting&q=*:*&rows=30} hits=5 status=0 QTime=0 
Jul 02, 2012 4:32:40 PM org.apache.solr.core.SolrCore execute
INFO: [] webapp=/solr path=/select params={fl=*+score&start=0&q=inter&qf=location_text+name_text+description_text&wt=ruby&fq=type:Meeting&defType=dismax&rows=30} hits=0 status=0 QTime=2 
Jul 02, 2012 4:32:46 PM org.apache.solr.core.SolrCore execute
INFO: [] webapp=/solr path=/select params={fl=*+score&start=0&q=jan&qf=location_text+name_text+description_text&wt=ruby&fq=type:Meeting&defType=dismax&rows=30} hits=0 status=0 QTime=1 
Jul 02, 2012 4:32:48 PM org.apache.solr.core.SolrCore execute
INFO: [] webapp=/solr path=/select params={fl=*+score&start=0&q=jan&qf=location_text+name_text+description_text&wt=ruby&fq=type:Meeting&defType=dismax&rows=30} hits=0 status=0 QTime=1 
Jul 02, 2012 4:32:52 PM org.apache.solr.core.SolrCore execute
INFO: [] webapp=/solr path=/select params={fl=*+score&start=0&q=Jan&qf=location_text+name_text+description_text&wt=ruby&fq=type:Meeting&defType=dismax&rows=30} hits=0 status=0 QTime=1 
Jul 02, 2012 4:32:59 PM org.apache.solr.core.SolrCore execute
INFO: [] webapp=/solr path=/select params={fl=*+score&start=0&q=January&qf=location_text+name_text+description_text&wt=ruby&fq=type:Meeting&defType=dismax&rows=30} hits=3 status=0 QTime=2 
Jul 02, 2012 4:41:07 PM org.apache.solr.core.SolrDeletionPolicy onInit
INFO: SolrDeletionPolicy.onInit: commits:num=1
	commit{dir=C:\Users\jrizzi1\Ruby\user_group\solr\data\development\index,segFN=segments_6,version=1341256844637,generation=6,filenames=[_0.tis, _3.tii, _3.frq, _1.frq, _4.prx, _4.fnm, _3.fdt, _3.fnm, _2.tii, _1.fnm, _3_1.del, _4.fdx, _4.frq, _1.tii, _4.tis, _2_1.del, _0.prx, _3.nrm, _4.tii, _0.nrm, _0.fnm, _1.tis, _2.prx, _4.nrm, _2.fdt, _0_1.del, _2.frq, _4.fdt, _3.prx, _1_1.del, _2.fdx, _2.fnm, _3.fdx, _1.prx, _1.fdx, _2.tis, _0.tii, _1.fdt, _0.frq, _0.fdx, segments_6, _0.fdt, _1.nrm, _2.nrm, _3.tis]
Jul 02, 2012 4:41:07 PM org.apache.solr.core.SolrDeletionPolicy updateCommits
INFO: newest commit = 1341256844637
Jul 02, 2012 4:41:07 PM org.apache.solr.update.processor.LogUpdateProcessor finish
INFO: {deleteByQuery=type:Meeting} 0 36
Jul 02, 2012 4:41:07 PM org.apache.solr.core.SolrCore execute
INFO: [] webapp=/solr path=/update params={wt=ruby} status=0 QTime=36 
Jul 02, 2012 4:41:08 PM org.apache.solr.update.processor.LogUpdateProcessor finish
INFO: {add=[Meeting 298486374, Meeting 980190962, Meeting 980190963, Meeting 980190964, Meeting 980190965]} 0 5
Jul 02, 2012 4:41:08 PM org.apache.solr.core.SolrCore execute
INFO: [] webapp=/solr path=/update params={wt=ruby} status=0 QTime=5 
Jul 02, 2012 4:41:08 PM org.apache.solr.update.DirectUpdateHandler2 commit
INFO: start commit(optimize=false,waitFlush=false,waitSearcher=true,expungeDeletes=false)
Jul 02, 2012 4:41:08 PM org.apache.solr.core.SolrDeletionPolicy onCommit
INFO: SolrDeletionPolicy.onCommit: commits:num=2
	commit{dir=C:\Users\jrizzi1\Ruby\user_group\solr\data\development\index,segFN=segments_6,version=1341256844637,generation=6,filenames=[_0.tis, _3.tii, _3.frq, _1.frq, _4.prx, _4.fnm, _3.fdt, _3.fnm, _2.tii, _1.fnm, _3_1.del, _4.fdx, _4.frq, _1.tii, _4.tis, _2_1.del, _0.prx, _3.nrm, _4.tii, _0.nrm, _0.fnm, _1.tis, _2.prx, _4.nrm, _2.fdt, _0_1.del, _2.frq, _4.fdt, _3.prx, _1_1.del, _2.fdx, _2.fnm, _3.fdx, _1.prx, _1.fdx, _2.tis, _0.tii, _1.fdt, _0.frq, _0.fdx, segments_6, _0.fdt, _1.nrm, _2.nrm, _3.tis]
	commit{dir=C:\Users\jrizzi1\Ruby\user_group\solr\data\development\index,segFN=segments_7,version=1341256844638,generation=7,filenames=[_0.tis, _5.fdt, _5.prx, _1.frq, _4.prx, _4.fnm, _2.tii, _3.fdt, _1.fnm, _4.fdx, _4.frq, _5.nrm, _5.tis, _4_1.del, _0.prx, _3.nrm, _0.fnm, _2.prx, _2.frq, _0_1.del, _2.fdt, _3.prx, _5.tii, _2.fdx, _1.fdx, _1.prx, _2.tis, _0.tii, _1.fdt, _0.frq, _2.nrm, _1.nrm, _3.frq, _3.tii, _3.fnm, _3_1.del, _1.tii, _4.tis, _2_1.del, _0.nrm, _4.tii, _5.fnm, _1.tis, _4.nrm, _4.fdt, _5.frq, _1_1.del, _2.fnm, _3.fdx, segments_7, _5.fdx, _0.fdx, _0.fdt, _3.tis]
Jul 02, 2012 4:41:08 PM org.apache.solr.core.SolrDeletionPolicy updateCommits
INFO: newest commit = 1341256844638
Jul 02, 2012 4:41:08 PM org.apache.solr.search.SolrIndexSearcher <init>
INFO: Opening Searcher@42f966 main
Jul 02, 2012 4:41:08 PM org.apache.solr.update.DirectUpdateHandler2 commit
INFO: end_commit_flush
Jul 02, 2012 4:41:08 PM org.apache.solr.search.SolrIndexSearcher warm
INFO: autowarming Searcher@42f966 main from Searcher@90ec72 main
	fieldValueCache{lookups=0,hits=0,hitratio=0.00,inserts=0,evictions=0,size=0,warmupTime=0,cumulative_lookups=0,cumulative_hits=0,cumulative_hitratio=0.00,cumulative_inserts=0,cumulative_evictions=0}
Jul 02, 2012 4:41:08 PM org.apache.solr.search.SolrIndexSearcher warm
INFO: autowarming result for Searcher@42f966 main
	fieldValueCache{lookups=0,hits=0,hitratio=0.00,inserts=0,evictions=0,size=0,warmupTime=0,cumulative_lookups=0,cumulative_hits=0,cumulative_hitratio=0.00,cumulative_inserts=0,cumulative_evictions=0}
Jul 02, 2012 4:41:08 PM org.apache.solr.search.SolrIndexSearcher warm
INFO: autowarming Searcher@42f966 main from Searcher@90ec72 main
	filterCache{lookups=6,hits=5,hitratio=0.83,inserts=1,evictions=0,size=1,warmupTime=0,cumulative_lookups=22,cumulative_hits=18,cumulative_hitratio=0.81,cumulative_inserts=4,cumulative_evictions=0}
Jul 02, 2012 4:41:08 PM org.apache.solr.search.SolrIndexSearcher warm
INFO: autowarming result for Searcher@42f966 main
	filterCache{lookups=0,hits=0,hitratio=0.00,inserts=0,evictions=0,size=0,warmupTime=0,cumulative_lookups=22,cumulative_hits=18,cumulative_hitratio=0.81,cumulative_inserts=4,cumulative_evictions=0}
Jul 02, 2012 4:41:08 PM org.apache.solr.search.SolrIndexSearcher warm
INFO: autowarming Searcher@42f966 main from Searcher@90ec72 main
	queryResultCache{lookups=10,hits=4,hitratio=0.40,inserts=6,evictions=0,size=6,warmupTime=0,cumulative_lookups=50,cumulative_hits=28,cumulative_hitratio=0.56,cumulative_inserts=22,cumulative_evictions=0}
Jul 02, 2012 4:41:08 PM org.apache.solr.search.SolrIndexSearcher warm
INFO: autowarming result for Searcher@42f966 main
	queryResultCache{lookups=0,hits=0,hitratio=0.00,inserts=0,evictions=0,size=0,warmupTime=0,cumulative_lookups=50,cumulative_hits=28,cumulative_hitratio=0.56,cumulative_inserts=22,cumulative_evictions=0}
Jul 02, 2012 4:41:08 PM org.apache.solr.search.SolrIndexSearcher warm
INFO: autowarming Searcher@42f966 main from Searcher@90ec72 main
	documentCache{lookups=38,hits=33,hitratio=0.86,inserts=5,evictions=0,size=5,warmupTime=0,cumulative_lookups=160,cumulative_hits=144,cumulative_hitratio=0.90,cumulative_inserts=16,cumulative_evictions=0}
Jul 02, 2012 4:41:08 PM org.apache.solr.search.SolrIndexSearcher warm
INFO: autowarming result for Searcher@42f966 main
	documentCache{lookups=0,hits=0,hitratio=0.00,inserts=0,evictions=0,size=0,warmupTime=0,cumulative_lookups=160,cumulative_hits=144,cumulative_hitratio=0.90,cumulative_inserts=16,cumulative_evictions=0}
Jul 02, 2012 4:41:08 PM org.apache.solr.core.QuerySenderListener newSearcher
INFO: QuerySenderListener sending requests to Searcher@42f966 main
Jul 02, 2012 4:41:08 PM org.apache.solr.core.QuerySenderListener newSearcher
INFO: QuerySenderListener done.
Jul 02, 2012 4:41:08 PM org.apache.solr.core.SolrCore registerSearcher
INFO: [] Registered new searcher Searcher@42f966 main
Jul 02, 2012 4:41:08 PM org.apache.solr.search.SolrIndexSearcher close
INFO: Closing Searcher@90ec72 main
	fieldValueCache{lookups=0,hits=0,hitratio=0.00,inserts=0,evictions=0,size=0,warmupTime=0,cumulative_lookups=0,cumulative_hits=0,cumulative_hitratio=0.00,cumulative_inserts=0,cumulative_evictions=0}
	filterCache{lookups=6,hits=5,hitratio=0.83,inserts=1,evictions=0,size=1,warmupTime=0,cumulative_lookups=22,cumulative_hits=18,cumulative_hitratio=0.81,cumulative_inserts=4,cumulative_evictions=0}
	queryResultCache{lookups=10,hits=4,hitratio=0.40,inserts=6,evictions=0,size=6,warmupTime=0,cumulative_lookups=50,cumulative_hits=28,cumulative_hitratio=0.56,cumulative_inserts=22,cumulative_evictions=0}
	documentCache{lookups=38,hits=33,hitratio=0.86,inserts=5,evictions=0,size=5,warmupTime=0,cumulative_lookups=160,cumulative_hits=144,cumulative_hitratio=0.90,cumulative_inserts=16,cumulative_evictions=0}
Jul 02, 2012 4:41:08 PM org.apache.solr.update.processor.LogUpdateProcessor finish
INFO: {commit=} 0 152
Jul 02, 2012 4:41:08 PM org.apache.solr.core.SolrCore execute
INFO: [] webapp=/solr path=/update params={wt=ruby} status=0 QTime=152 
Jul 02, 2012 4:42:09 PM org.apache.solr.core.SolrCore execute
INFO: [] webapp=/solr path=/select params={wt=ruby&start=0&fq=type:Meeting&q=*:*&rows=30} hits=5 status=0 QTime=1 
Jul 02, 2012 4:42:13 PM org.apache.solr.core.SolrCore execute
INFO: [] webapp=/solr path=/select params={fl=*+score&start=0&q=inter&qf=location_text+name_text+description_text&wt=ruby&fq=type:Meeting&defType=dismax&rows=30} hits=0 status=0 QTime=1 
Jul 02, 2012 4:42:16 PM org.apache.solr.core.SolrCore execute
INFO: [] webapp=/solr path=/select params={fl=*+score&start=0&q=inter&qf=location_text+name_text+description_text&wt=ruby&fq=type:Meeting&defType=dismax&rows=30} hits=0 status=0 QTime=1 
Jul 02, 2012 4:42:21 PM org.apache.solr.core.SolrCore execute
INFO: [] webapp=/solr path=/select params={wt=ruby&start=0&fq=type:Meeting&q=*:*&rows=30} hits=5 status=0 QTime=1 
Jul 02, 2012 4:42:54 PM org.apache.solr.core.SolrCore execute
INFO: [] webapp=/solr path=/select params={wt=ruby&start=0&fq=type:Meeting&q=*:*&rows=30} hits=5 status=0 QTime=0 
Jul 02, 2012 4:43:11 PM org.apache.solr.core.SolrCore execute
INFO: [] webapp=/solr path=/select params={wt=ruby&start=0&fq=type:Meeting&q=*:*&rows=30} hits=5 status=0 QTime=1 
Jul 02, 2012 4:48:01 PM org.apache.solr.core.SolrCore execute
INFO: [] webapp=/solr path=/select params={fl=*+score&start=0&q=Jul&qf=location_text+name_text+description_text&wt=ruby&fq=type:Meeting&defType=dismax&rows=30} hits=0 status=0 QTime=2 
Jul 02, 2012 4:48:03 PM org.apache.solr.core.SolrCore execute
INFO: [] webapp=/solr path=/select params={fl=*+score&start=0&q=July&qf=location_text+name_text+description_text&wt=ruby&fq=type:Meeting&defType=dismax&rows=30} hits=1 status=0 QTime=1 
Jul 02, 2012 4:53:45 PM org.apache.solr.core.SolrCore execute
INFO: [] webapp=/solr path=/select params={wt=ruby&start=0&fq=type:Meeting&q=*:*&rows=30} hits=5 status=0 QTime=0 
Jul 02, 2012 4:53:49 PM org.apache.solr.core.SolrCore execute
INFO: [] webapp=/solr path=/select params={fl=*+score&start=0&q=Jay&qf=location_text+name_text+description_text&wt=ruby&fq=type:Meeting&defType=dismax&rows=30} hits=0 status=0 QTime=2 
Jul 02, 2012 4:53:52 PM org.apache.solr.core.SolrCore execute
INFO: [] webapp=/solr path=/select params={fl=*+score&start=0&q=Jay's&qf=location_text+name_text+description_text&wt=ruby&fq=type:Meeting&defType=dismax&rows=30} hits=0 status=0 QTime=2 
Jul 02, 2012 4:54:48 PM org.apache.solr.core.SolrDeletionPolicy onInit
INFO: SolrDeletionPolicy.onInit: commits:num=1
	commit{dir=C:\Users\jrizzi1\Ruby\user_group\solr\data\development\index,segFN=segments_7,version=1341256844638,generation=7,filenames=[_0.tis, _5.fdt, _5.prx, _1.frq, _4.prx, _4.fnm, _2.tii, _3.fdt, _1.fnm, _4.fdx, _4.frq, _5.nrm, _5.tis, _4_1.del, _0.prx, _3.nrm, _0.fnm, _2.prx, _2.frq, _0_1.del, _2.fdt, _3.prx, _5.tii, _2.fdx, _1.fdx, _1.prx, _2.tis, _0.tii, _1.fdt, _0.frq, _2.nrm, _1.nrm, _3.frq, _3.tii, _3.fnm, _3_1.del, _1.tii, _4.tis, _2_1.del, _0.nrm, _4.tii, _5.fnm, _1.tis, _4.nrm, _4.fdt, _5.frq, _1_1.del, _2.fnm, _3.fdx, segments_7, _5.fdx, _0.fdx, _0.fdt, _3.tis]
Jul 02, 2012 4:54:48 PM org.apache.solr.core.SolrDeletionPolicy updateCommits
INFO: newest commit = 1341256844638
Jul 02, 2012 4:54:48 PM org.apache.solr.update.processor.LogUpdateProcessor finish
INFO: {deleteByQuery=type:Meeting} 0 93
Jul 02, 2012 4:54:48 PM org.apache.solr.core.SolrCore execute
INFO: [] webapp=/solr path=/update params={wt=ruby} status=0 QTime=93 
Jul 02, 2012 4:54:48 PM org.apache.solr.update.processor.LogUpdateProcessor finish
INFO: {add=[Meeting 298486374, Meeting 980190962, Meeting 980190963, Meeting 980190964, Meeting 980190965]} 0 4
Jul 02, 2012 4:54:48 PM org.apache.solr.core.SolrCore execute
INFO: [] webapp=/solr path=/update params={wt=ruby} status=0 QTime=4 
Jul 02, 2012 4:54:48 PM org.apache.solr.update.DirectUpdateHandler2 commit
INFO: start commit(optimize=false,waitFlush=false,waitSearcher=true,expungeDeletes=false)
Jul 02, 2012 4:54:49 PM org.apache.solr.core.SolrDeletionPolicy onCommit
INFO: SolrDeletionPolicy.onCommit: commits:num=2
	commit{dir=C:\Users\jrizzi1\Ruby\user_group\solr\data\development\index,segFN=segments_7,version=1341256844638,generation=7,filenames=[_0.tis, _5.fdt, _5.prx, _1.frq, _4.prx, _4.fnm, _2.tii, _3.fdt, _1.fnm, _4.fdx, _4.frq, _5.nrm, _5.tis, _4_1.del, _0.prx, _3.nrm, _0.fnm, _2.prx, _2.frq, _0_1.del, _2.fdt, _3.prx, _5.tii, _2.fdx, _1.fdx, _1.prx, _2.tis, _0.tii, _1.fdt, _0.frq, _2.nrm, _1.nrm, _3.frq, _3.tii, _3.fnm, _3_1.del, _1.tii, _4.tis, _2_1.del, _0.nrm, _4.tii, _5.fnm, _1.tis, _4.nrm, _4.fdt, _5.frq, _1_1.del, _2.fnm, _3.fdx, segments_7, _5.fdx, _0.fdx, _0.fdt, _3.tis]
	commit{dir=C:\Users\jrizzi1\Ruby\user_group\solr\data\development\index,segFN=segments_8,version=1341256844639,generation=8,filenames=[_0.tis, _5.fdt, _5.prx, _1.frq, _4.prx, _4.fnm, _2.tii, _3.fdt, _1.fnm, _4.fdx, _4.frq, _5.nrm, _5.tis, _4_1.del, _0.prx, _3.nrm, _0.fnm, _2.prx, _2.frq, _0_1.del, _2.fdt, _3.prx, _5.tii, _2.fdx, _1.fdx, _1.prx, _2.tis, _0.tii, _1.fdt, _0.frq, _6.fdt, _6.nrm, _2.nrm, _1.nrm, _3.frq, _3.tii, _6.frq, _6.fdx, _3.fnm, _3_1.del, _6.tis, _1.tii, _4.tis, _2_1.del, _0.nrm, _4.tii, _5.fnm, _1.tis, _6.tii, _4.nrm, _4.fdt, _5.frq, _1_1.del, _2.fnm, _3.fdx, segments_8, _6.prx, _5.fdx, _6.fnm, _0.fdx, _5_1.del, _0.fdt, _3.tis]
Jul 02, 2012 4:54:49 PM org.apache.solr.core.SolrDeletionPolicy updateCommits
INFO: newest commit = 1341256844639
Jul 02, 2012 4:54:49 PM org.apache.solr.search.SolrIndexSearcher <init>
INFO: Opening Searcher@1eb6ef2 main
Jul 02, 2012 4:54:49 PM org.apache.solr.search.SolrIndexSearcher warm
INFO: autowarming Searcher@1eb6ef2 main from Searcher@42f966 main
	fieldValueCache{lookups=0,hits=0,hitratio=0.00,inserts=0,evictions=0,size=0,warmupTime=0,cumulative_lookups=0,cumulative_hits=0,cumulative_hitratio=0.00,cumulative_inserts=0,cumulative_evictions=0}
Jul 02, 2012 4:54:49 PM org.apache.solr.search.SolrIndexSearcher warm
INFO: autowarming result for Searcher@1eb6ef2 main
	fieldValueCache{lookups=0,hits=0,hitratio=0.00,inserts=0,evictions=0,size=0,warmupTime=0,cumulative_lookups=0,cumulative_hits=0,cumulative_hitratio=0.00,cumulative_inserts=0,cumulative_evictions=0}
Jul 02, 2012 4:54:49 PM org.apache.solr.update.DirectUpdateHandler2 commit
INFO: end_commit_flush
Jul 02, 2012 4:54:49 PM org.apache.solr.search.SolrIndexSearcher warm
INFO: autowarming Searcher@1eb6ef2 main from Searcher@42f966 main
	filterCache{lookups=5,hits=4,hitratio=0.80,inserts=1,evictions=0,size=1,warmupTime=0,cumulative_lookups=27,cumulative_hits=22,cumulative_hitratio=0.81,cumulative_inserts=5,cumulative_evictions=0}
Jul 02, 2012 4:54:49 PM org.apache.solr.search.SolrIndexSearcher warm
INFO: autowarming result for Searcher@1eb6ef2 main
	filterCache{lookups=0,hits=0,hitratio=0.00,inserts=0,evictions=0,size=0,warmupTime=0,cumulative_lookups=27,cumulative_hits=22,cumulative_hitratio=0.81,cumulative_inserts=5,cumulative_evictions=0}
Jul 02, 2012 4:54:49 PM org.apache.solr.search.SolrIndexSearcher warm
INFO: autowarming Searcher@1eb6ef2 main from Searcher@42f966 main
	queryResultCache{lookups=11,hits=6,hitratio=0.54,inserts=5,evictions=0,size=5,warmupTime=0,cumulative_lookups=61,cumulative_hits=34,cumulative_hitratio=0.55,cumulative_inserts=27,cumulative_evictions=0}
Jul 02, 2012 4:54:49 PM org.apache.solr.search.SolrIndexSearcher warm
INFO: autowarming result for Searcher@1eb6ef2 main
	queryResultCache{lookups=0,hits=0,hitratio=0.00,inserts=0,evictions=0,size=0,warmupTime=0,cumulative_lookups=61,cumulative_hits=34,cumulative_hitratio=0.55,cumulative_inserts=27,cumulative_evictions=0}
Jul 02, 2012 4:54:49 PM org.apache.solr.search.SolrIndexSearcher warm
INFO: autowarming Searcher@1eb6ef2 main from Searcher@42f966 main
	documentCache{lookups=52,hits=47,hitratio=0.90,inserts=5,evictions=0,size=5,warmupTime=0,cumulative_lookups=212,cumulative_hits=191,cumulative_hitratio=0.90,cumulative_inserts=21,cumulative_evictions=0}
Jul 02, 2012 4:54:49 PM org.apache.solr.search.SolrIndexSearcher warm
INFO: autowarming result for Searcher@1eb6ef2 main
	documentCache{lookups=0,hits=0,hitratio=0.00,inserts=0,evictions=0,size=0,warmupTime=0,cumulative_lookups=212,cumulative_hits=191,cumulative_hitratio=0.90,cumulative_inserts=21,cumulative_evictions=0}
Jul 02, 2012 4:54:49 PM org.apache.solr.core.QuerySenderListener newSearcher
INFO: QuerySenderListener sending requests to Searcher@1eb6ef2 main
Jul 02, 2012 4:54:49 PM org.apache.solr.core.QuerySenderListener newSearcher
INFO: QuerySenderListener done.
Jul 02, 2012 4:54:49 PM org.apache.solr.core.SolrCore registerSearcher
INFO: [] Registered new searcher Searcher@1eb6ef2 main
Jul 02, 2012 4:54:49 PM org.apache.solr.search.SolrIndexSearcher close
INFO: Closing Searcher@42f966 main
	fieldValueCache{lookups=0,hits=0,hitratio=0.00,inserts=0,evictions=0,size=0,warmupTime=0,cumulative_lookups=0,cumulative_hits=0,cumulative_hitratio=0.00,cumulative_inserts=0,cumulative_evictions=0}
	filterCache{lookups=5,hits=4,hitratio=0.80,inserts=1,evictions=0,size=1,warmupTime=0,cumulative_lookups=27,cumulative_hits=22,cumulative_hitratio=0.81,cumulative_inserts=5,cumulative_evictions=0}
	queryResultCache{lookups=11,hits=6,hitratio=0.54,inserts=5,evictions=0,size=5,warmupTime=0,cumulative_lookups=61,cumulative_hits=34,cumulative_hitratio=0.55,cumulative_inserts=27,cumulative_evictions=0}
	documentCache{lookups=52,hits=47,hitratio=0.90,inserts=5,evictions=0,size=5,warmupTime=0,cumulative_lookups=212,cumulative_hits=191,cumulative_hitratio=0.90,cumulative_inserts=21,cumulative_evictions=0}
Jul 02, 2012 4:54:49 PM org.apache.solr.update.processor.LogUpdateProcessor finish
INFO: {commit=} 0 473
Jul 02, 2012 4:54:49 PM org.apache.solr.core.SolrCore execute
INFO: [] webapp=/solr path=/update params={wt=ruby} status=0 QTime=473 
Jul 02, 2012 4:56:33 PM org.apache.solr.core.SolrCore execute
INFO: [] webapp=/solr path=/select params={fl=*+score&start=0&q=Jay's&qf=location_text+name_text+description_text&wt=ruby&fq=type:Meeting&defType=dismax&rows=30} hits=1 status=0 QTime=3 
Jul 02, 2012 4:56:45 PM org.apache.solr.core.SolrCore execute
INFO: [] webapp=/solr path=/select params={fl=*+score&start=0&q=Jay&qf=location_text+name_text+description_text&wt=ruby&fq=type:Meeting&defType=dismax&rows=30} hits=1 status=0 QTime=1 
Jul 02, 2012 4:56:50 PM org.apache.solr.core.SolrCore execute
INFO: [] webapp=/solr path=/select params={fl=*+score&start=0&q=jan&qf=location_text+name_text+description_text&wt=ruby&fq=type:Meeting&defType=dismax&rows=30} hits=0 status=0 QTime=1 
Jul 02, 2012 4:56:56 PM org.apache.solr.core.SolrCore execute
INFO: [] webapp=/solr path=/select params={fl=*+score&start=0&q=Inter&qf=location_text+name_text+description_text&wt=ruby&fq=type:Meeting&defType=dismax&rows=30} hits=0 status=0 QTime=1 
Jul 02, 2012 4:57:02 PM org.apache.solr.core.SolrCore execute
INFO: [] webapp=/solr path=/select params={fl=*+score&start=0&q=Jay&qf=location_text+name_text+description_text&wt=ruby&fq=type:Meeting&defType=dismax&rows=30} hits=1 status=0 QTime=1 
Jul 02, 2012 4:57:11 PM org.apache.solr.core.SolrCore execute
INFO: [] webapp=/solr path=/select params={fl=*+score&start=0&q=day&qf=location_text+name_text+description_text&wt=ruby&fq=type:Meeting&defType=dismax&rows=30} hits=1 status=0 QTime=2 
Jul 02, 2012 4:57:34 PM org.apache.solr.core.SolrCore execute
INFO: [] webapp=/solr path=/select params={fl=*+score&start=0&q=year&qf=location_text+name_text+description_text&wt=ruby&fq=type:Meeting&defType=dismax&rows=30} hits=0 status=0 QTime=2 
Jul 02, 2012 4:57:37 PM org.apache.solr.core.SolrCore execute
INFO: [] webapp=/solr path=/select params={fl=*+score&start=0&q=years&qf=location_text+name_text+description_text&wt=ruby&fq=type:Meeting&defType=dismax&rows=30} hits=1 status=0 QTime=2 
